This file contains any messages produced by compilers while
running configure, to aid debugging if configure makes a mistake.

It was created by jose configure 9, which was
generated by GNU Autoconf 2.69.  Invocation command line was

  $ ./configure --target=mips-openwrt-linux --host=mips-openwrt-linux --build=x86_64-redhat-linux --program-prefix= --program-suffix= --prefix=/usr --exec-prefix=/usr --bindir=/usr/bin --sbindir=/usr/sbin --libexecdir=/usr/lib --sysconfdir=/etc --datadir=/usr/share --localstatedir=/var --mandir=/usr/man --infodir=/usr/info --disable-nls

## --------- ##
## Platform. ##
## --------- ##

hostname = koalemos.brq.redhat.com
uname -m = x86_64
uname -r = 4.11.9-200.fc25.x86_64
uname -s = Linux
uname -v = #1 SMP Wed Jul 5 18:19:05 UTC 2017

/usr/bin/uname -p = x86_64
/bin/uname -X     = unknown

/bin/arch              = x86_64
/usr/bin/arch -k       = unknown
/usr/convex/getsysinfo = unknown
/usr/bin/hostinfo      = unknown
/bin/machine           = unknown
/usr/bin/oslevel       = unknown
/bin/universe          = unknown

PATH: /home/tdudlak/BP/OpenWrt-SDK-15.05.1-ar71xx/staging_dir/target-mips_34kc_uClibc-0.9.33.2/host/bin
PATH: /home/tdudlak/BP/OpenWrt-SDK-15.05.1-ar71xx/staging_dir/toolchain-mips_34kc_gcc-4.8-linaro_uClibc-0.9.33.2/bin
PATH: /home/tdudlak/BP/OpenWrt-SDK-15.05.1-ar71xx/staging_dir/toolchain-mips_34kc_gcc-4.8-linaro_uClibc-0.9.33.2/bin
PATH: /home/tdudlak/BP/OpenWrt-SDK-15.05.1-ar71xx/staging_dir/host/bin
PATH: /home/tdudlak/BP/OpenWrt-SDK-15.05.1-ar71xx/staging_dir/toolchain-mips_34kc_gcc-4.8-linaro_uClibc-0.9.33.2/bin
PATH: /home/tdudlak/BP/OpenWrt-SDK-15.05.1-ar71xx/staging_dir/host/bin
PATH: /home/tdudlak/BP/OpenWrt-SDK-15.05.1-ar71xx/staging_dir/host/bin
PATH: /usr/lib64/qt-3.3/bin
PATH: /usr/local/bin
PATH: /usr/local/sbin
PATH: /usr/bin
PATH: /usr/sbin
PATH: /home/tdudlak/bin


## ----------- ##
## Core tests. ##
## ----------- ##

configure:2058: loading site script /home/tdudlak/BP/OpenWrt-SDK-15.05.1-ar71xx/include/site/mips
| #!/bin/sh
| . $TOPDIR/include/site/linux
| ac_cv_c_littleendian=${ac_cv_c_littleendian=no}
| ac_cv_c_bigendian=${ac_cv_c_bigendian=yes}
| 
| ac_cv_sizeof___int64=0
| ac_cv_sizeof_char=1
| ac_cv_sizeof_int=4
| ac_cv_sizeof_int16_t=2
| ac_cv_sizeof_int32_t=4
| ac_cv_sizeof_int64_t=8
| ac_cv_sizeof_long_int=4
| ac_cv_sizeof_long_long=8
| ac_cv_sizeof_long=4
| ac_cv_sizeof_off_t=8
| ac_cv_sizeof_short_int=2
| ac_cv_sizeof_short=2
| ac_cv_sizeof_size_t=4
| ac_cv_sizeof_ssize_t=4
| ac_cv_sizeof_u_int16_t=2
| ac_cv_sizeof_u_int32_t=4
| ac_cv_sizeof_u_int64_t=8
| ac_cv_sizeof_uint16_t=2
| ac_cv_sizeof_uint32_t=4
| ac_cv_sizeof_uint64_t=8
| ac_cv_sizeof_unsigned_int=4
| ac_cv_sizeof_unsigned_long=4
| ac_cv_sizeof_unsigned_long_long=8
| ac_cv_sizeof_unsigned_short=2
| ac_cv_sizeof_void_p=4
configure:2187: checking build system type
configure:2201: result: x86_64-redhat-linux-gnu
configure:2221: checking host system type
configure:2234: result: mips-openwrt-linux-gnu
configure:2254: checking target system type
configure:2267: result: mips-openwrt-linux-gnu
configure:2305: checking for mips-openwrt-linux-gcc
configure:2332: result: ccache_cc
configure:2601: checking for C compiler version
configure:2610: ccache_cc --version >&5
/home/tdudlak/BP/OpenWrt-SDK-15.05.1-ar71xx/staging_dir/host/bin/ccache_cc: line 2: exec: ccache: not found
configure:2621: $? = 127
configure:2610: ccache_cc -v >&5
/home/tdudlak/BP/OpenWrt-SDK-15.05.1-ar71xx/staging_dir/host/bin/ccache_cc: line 2: exec: ccache: not found
configure:2621: $? = 127
configure:2610: ccache_cc -V >&5
/home/tdudlak/BP/OpenWrt-SDK-15.05.1-ar71xx/staging_dir/host/bin/ccache_cc: line 2: exec: ccache: not found
configure:2621: $? = 127
configure:2610: ccache_cc -qversion >&5
/home/tdudlak/BP/OpenWrt-SDK-15.05.1-ar71xx/staging_dir/host/bin/ccache_cc: line 2: exec: ccache: not found
configure:2621: $? = 127
configure:2641: checking whether the C compiler works
configure:2663: ccache_cc -Os -pipe -mno-branch-likely -mips32r2 -mtune=34kc -fno-caller-saves -fhonour-copts -Wno-error=unused-but-set-variable -Wno-error=unused-result -msoft-float -mips16 -minterlink-mips16 -std=gnu99 -fpic  -I/home/tdudlak/BP/OpenWrt-SDK-15.05.1-ar71xx/staging_dir/target-mips_34kc_uClibc-0.9.33.2/usr/include -I/home/tdudlak/BP/OpenWrt-SDK-15.05.1-ar71xx/staging_dir/target-mips_34kc_uClibc-0.9.33.2/include -I/home/tdudlak/BP/OpenWrt-SDK-15.05.1-ar71xx/staging_dir/toolchain-mips_34kc_gcc-4.8-linaro_uClibc-0.9.33.2/usr/include -I/home/tdudlak/BP/OpenWrt-SDK-15.05.1-ar71xx/staging_dir/toolchain-mips_34kc_gcc-4.8-linaro_uClibc-0.9.33.2/include  -L/home/tdudlak/BP/OpenWrt-SDK-15.05.1-ar71xx/staging_dir/target-mips_34kc_uClibc-0.9.33.2/usr/lib -L/home/tdudlak/BP/OpenWrt-SDK-15.05.1-ar71xx/staging_dir/target-mips_34kc_uClibc-0.9.33.2/lib -L/home/tdudlak/BP/OpenWrt-SDK-15.05.1-ar71xx/staging_dir/toolchain-mips_34kc_gcc-4.8-linaro_uClibc-0.9.33.2/usr/lib -L/home/tdudlak/BP/OpenWrt-SDK-15.05.1-ar71xx/staging_dir/toolchain-mips_34kc_gcc-4.8-linaro_uClibc-0.9.33.2/lib -Wl,-rpath-link=/usr/lib  conftest.c  >&5
/home/tdudlak/BP/OpenWrt-SDK-15.05.1-ar71xx/staging_dir/host/bin/ccache_cc: line 2: exec: ccache: not found
configure:2667: $? = 127
configure:2705: result: no
configure: failed program was:
| /* confdefs.h */
| #define PACKAGE_NAME "jose"
| #define PACKAGE_TARNAME "jose"
| #define PACKAGE_VERSION "9"
| #define PACKAGE_STRING "jose 9"
| #define PACKAGE_BUGREPORT ""
| #define PACKAGE_URL ""
| /* end confdefs.h.  */
| 
| int
| main ()
| {
| 
|   ;
|   return 0;
| }
configure:2710: error: in `/home/tdudlak/BP/OpenWrt-SDK-15.05.1-ar71xx/build_dir/target-mips_34kc_uClibc-0.9.33.2/jose-9':
configure:2712: error: C compiler cannot create executables
See `config.log' for more details

## ---------------- ##
## Cache variables. ##
## ---------------- ##

ac_cv_build=x86_64-redhat-linux-gnu
ac_cv_c_bigendian=yes
ac_cv_c_gettext_without_libintl=yes
ac_cv_c_littleendian=no
ac_cv_c_long_double=no
ac_cv_conv_longlong_to_float=yes
ac_cv_env_CC_set=set
ac_cv_env_CC_value=ccache_cc
ac_cv_env_CFLAGS_set=set
ac_cv_env_CFLAGS_value='-Os -pipe -mno-branch-likely -mips32r2 -mtune=34kc -fno-caller-saves -fhonour-copts -Wno-error=unused-but-set-variable -Wno-error=unused-result -msoft-float -mips16 -minterlink-mips16 -std=gnu99 -fpic '
ac_cv_env_CPPFLAGS_set=set
ac_cv_env_CPPFLAGS_value='-I/home/tdudlak/BP/OpenWrt-SDK-15.05.1-ar71xx/staging_dir/target-mips_34kc_uClibc-0.9.33.2/usr/include -I/home/tdudlak/BP/OpenWrt-SDK-15.05.1-ar71xx/staging_dir/target-mips_34kc_uClibc-0.9.33.2/include -I/home/tdudlak/BP/OpenWrt-SDK-15.05.1-ar71xx/staging_dir/toolchain-mips_34kc_gcc-4.8-linaro_uClibc-0.9.33.2/usr/include -I/home/tdudlak/BP/OpenWrt-SDK-15.05.1-ar71xx/staging_dir/toolchain-mips_34kc_gcc-4.8-linaro_uClibc-0.9.33.2/include '
ac_cv_env_CPP_set=
ac_cv_env_CPP_value=
ac_cv_env_LDFLAGS_set=set
ac_cv_env_LDFLAGS_value='-L/home/tdudlak/BP/OpenWrt-SDK-15.05.1-ar71xx/staging_dir/target-mips_34kc_uClibc-0.9.33.2/usr/lib -L/home/tdudlak/BP/OpenWrt-SDK-15.05.1-ar71xx/staging_dir/target-mips_34kc_uClibc-0.9.33.2/lib -L/home/tdudlak/BP/OpenWrt-SDK-15.05.1-ar71xx/staging_dir/toolchain-mips_34kc_gcc-4.8-linaro_uClibc-0.9.33.2/usr/lib -L/home/tdudlak/BP/OpenWrt-SDK-15.05.1-ar71xx/staging_dir/toolchain-mips_34kc_gcc-4.8-linaro_uClibc-0.9.33.2/lib -Wl,-rpath-link=/usr/lib '
ac_cv_env_LIBS_set=
ac_cv_env_LIBS_value=
ac_cv_env_PKG_CONFIG_LIBDIR_set=set
ac_cv_env_PKG_CONFIG_LIBDIR_value=/home/tdudlak/BP/OpenWrt-SDK-15.05.1-ar71xx/staging_dir/target-mips_34kc_uClibc-0.9.33.2/usr/lib/pkgconfig:/home/tdudlak/BP/OpenWrt-SDK-15.05.1-ar71xx/staging_dir/target-mips_34kc_uClibc-0.9.33.2/usr/share/pkgconfig
ac_cv_env_PKG_CONFIG_PATH_set=set
ac_cv_env_PKG_CONFIG_PATH_value=/home/tdudlak/BP/OpenWrt-SDK-15.05.1-ar71xx/staging_dir/target-mips_34kc_uClibc-0.9.33.2/usr/lib/pkgconfig:/home/tdudlak/BP/OpenWrt-SDK-15.05.1-ar71xx/staging_dir/target-mips_34kc_uClibc-0.9.33.2/usr/share/pkgconfig
ac_cv_env_PKG_CONFIG_set=set
ac_cv_env_PKG_CONFIG_value=/home/tdudlak/BP/OpenWrt-SDK-15.05.1-ar71xx/staging_dir/host/bin/pkg-config
ac_cv_env_build_alias_set=set
ac_cv_env_build_alias_value=x86_64-redhat-linux
ac_cv_env_host_alias_set=set
ac_cv_env_host_alias_value=mips-openwrt-linux
ac_cv_env_jansson_CFLAGS_set=
ac_cv_env_jansson_CFLAGS_value=
ac_cv_env_jansson_LIBS_set=
ac_cv_env_jansson_LIBS_value=
ac_cv_env_libcrypto_CFLAGS_set=
ac_cv_env_libcrypto_CFLAGS_value=
ac_cv_env_libcrypto_LIBS_set=
ac_cv_env_libcrypto_LIBS_value=
ac_cv_env_target_alias_set=set
ac_cv_env_target_alias_value=mips-openwrt-linux
ac_cv_env_zlib_CFLAGS_set=
ac_cv_env_zlib_CFLAGS_value=
ac_cv_env_zlib_LIBS_set=
ac_cv_env_zlib_LIBS_value=
ac_cv_file__dev_zero=yes
ac_cv_func___adjtimex=yes
ac_cv_func___va_copy=no
ac_cv_func__exit=yes
ac_cv_func_bcmp=yes
ac_cv_func_bcopy=yes
ac_cv_func_bzero=yes
ac_cv_func_cimag=yes
ac_cv_func_creal=yes
ac_cv_func_fchmod=yes
ac_cv_func_getaddrinfo=yes
ac_cv_func_getcwd=yes
ac_cv_func_getdomainname=yes
ac_cv_func_getpgrp_void=yes
ac_cv_func_getpwuid_r=yes
ac_cv_func_gettimeofday=yes
ac_cv_func_index=yes
ac_cv_func_lstat=yes
ac_cv_func_lstat_dereferences_slashed_symlink=yes
ac_cv_func_lstat_empty_string_bug=no
ac_cv_func_malloc_0_nonnull=yes
ac_cv_func_malloc_works=yes
ac_cv_func_memcmp_clean=yes
ac_cv_func_memcmp_working=yes
ac_cv_func_posix_getgrgid_r=yes
ac_cv_func_posix_getpwuid_r=yes
ac_cv_func_psignal=yes
ac_cv_func_pthread_key_delete=yes
ac_cv_func_realloc_0_nonnull=yes
ac_cv_func_realloc_works=yes
ac_cv_func_rename=yes
ac_cv_func_rindex=yes
ac_cv_func_setgrent_void=yes
ac_cv_func_setlocale=yes
ac_cv_func_setpgrp_void=yes
ac_cv_func_setresuid=no
ac_cv_func_setvbuf_reversed=no
ac_cv_func_stat_empty_string_bug=no
ac_cv_func_stat_ignores_trailing_slash=no
ac_cv_func_strerror=yes
ac_cv_func_strftime=yes
ac_cv_func_utimes=yes
ac_cv_func_va_copy=no
ac_cv_func_vsnprintf=yes
ac_cv_have_accrights_in_msghdr=no
ac_cv_have_broken_snprintf=no
ac_cv_have_control_in_msghdr=yes
ac_cv_have_decl_sys_siglist=no
ac_cv_have_openpty_ctty_bug=yes
ac_cv_have_space_d_name_in_struct_dirent=yes
ac_cv_header_netinet_sctp_h=no
ac_cv_header_netinet_sctp_uio_h=no
ac_cv_host=mips-openwrt-linux-gnu
ac_cv_int64_t=yes
ac_cv_lbl_unaligned_fail=no
ac_cv_linux_kernel_pppoe=yes
ac_cv_linux_vers=2
ac_cv_pack_bitfields_reversed=yes
ac_cv_path_LDCONFIG=
ac_cv_prog_CC=ccache_cc
ac_cv_regexec_segfault_emptystr=no
ac_cv_sctp=no
ac_cv_sizeof___int64=0
ac_cv_sizeof_char=1
ac_cv_sizeof_int16_t=2
ac_cv_sizeof_int32_t=4
ac_cv_sizeof_int64_t=8
ac_cv_sizeof_int=4
ac_cv_sizeof_long=4
ac_cv_sizeof_long_int=4
ac_cv_sizeof_long_long=8
ac_cv_sizeof_off_t=8
ac_cv_sizeof_short=2
ac_cv_sizeof_short_int=2
ac_cv_sizeof_size_t=4
ac_cv_sizeof_ssize_t=4
ac_cv_sizeof_u_int16_t=2
ac_cv_sizeof_u_int32_t=4
ac_cv_sizeof_u_int64_t=8
ac_cv_sizeof_uint16_t=2
ac_cv_sizeof_uint32_t=4
ac_cv_sizeof_uint64_t=8
ac_cv_sizeof_unsigned_int=4
ac_cv_sizeof_unsigned_long=4
ac_cv_sizeof_unsigned_long_long=8
ac_cv_sizeof_unsigned_short=2
ac_cv_sizeof_void_p=4
ac_cv_sys_restartable_syscalls=yes
ac_cv_target=mips-openwrt-linux-gnu
ac_cv_time_r_type=POSIX
ac_cv_type_suseconds_t=yes
ac_cv_uchar=no
ac_cv_uint64_t=yes
ac_cv_uint=yes
ac_cv_ulong=yes
ac_cv_ushort=yes
ac_cv_va_copy=C99
ac_cv_va_val_copy=yes
as_cv_unaligned_access=yes

## ----------------- ##
## Output variables. ##
## ----------------- ##

ACLOCAL=''
AMDEPBACKSLASH=''
AMDEP_FALSE=''
AMDEP_TRUE=''
AMTAR=''
AM_BACKSLASH=''
AM_DEFAULT_V=''
AM_DEFAULT_VERBOSITY=''
AM_V=''
AR='mips-openwrt-linux-uclibc-gcc-ar'
AUTOCONF=''
AUTOHEADER=''
AUTOMAKE=''
AWK=''
CC='ccache_cc'
CCDEPMODE=''
CFLAGS='-Os -pipe -mno-branch-likely -mips32r2 -mtune=34kc -fno-caller-saves -fhonour-copts -Wno-error=unused-but-set-variable -Wno-error=unused-result -msoft-float -mips16 -minterlink-mips16 -std=gnu99 -fpic '
CPP=''
CPPFLAGS='-I/home/tdudlak/BP/OpenWrt-SDK-15.05.1-ar71xx/staging_dir/target-mips_34kc_uClibc-0.9.33.2/usr/include -I/home/tdudlak/BP/OpenWrt-SDK-15.05.1-ar71xx/staging_dir/target-mips_34kc_uClibc-0.9.33.2/include -I/home/tdudlak/BP/OpenWrt-SDK-15.05.1-ar71xx/staging_dir/toolchain-mips_34kc_gcc-4.8-linaro_uClibc-0.9.33.2/usr/include -I/home/tdudlak/BP/OpenWrt-SDK-15.05.1-ar71xx/staging_dir/toolchain-mips_34kc_gcc-4.8-linaro_uClibc-0.9.33.2/include '
CYGPATH_W=''
DEFS=''
DEPDIR=''
DLLTOOL=''
DSYMUTIL=''
DUMPBIN=''
ECHO_C=''
ECHO_N='-n'
ECHO_T=''
EGREP=''
EXEEXT=''
FGREP=''
GREP=''
HAVE_LD_VERSION_SCRIPT_FALSE=''
HAVE_LD_VERSION_SCRIPT_TRUE=''
INSTALL_DATA=''
INSTALL_PROGRAM=''
INSTALL_SCRIPT=''
INSTALL_STRIP_PROGRAM=''
JOSE_CFLAGS=''
LD='mips-openwrt-linux-uclibc-ld'
LDFLAGS='-L/home/tdudlak/BP/OpenWrt-SDK-15.05.1-ar71xx/staging_dir/target-mips_34kc_uClibc-0.9.33.2/usr/lib -L/home/tdudlak/BP/OpenWrt-SDK-15.05.1-ar71xx/staging_dir/target-mips_34kc_uClibc-0.9.33.2/lib -L/home/tdudlak/BP/OpenWrt-SDK-15.05.1-ar71xx/staging_dir/toolchain-mips_34kc_gcc-4.8-linaro_uClibc-0.9.33.2/usr/lib -L/home/tdudlak/BP/OpenWrt-SDK-15.05.1-ar71xx/staging_dir/toolchain-mips_34kc_gcc-4.8-linaro_uClibc-0.9.33.2/lib -Wl,-rpath-link=/usr/lib '
LIBOBJS=''
LIBS=''
LIBTOOL=''
LIPO=''
LN_S=''
LTLIBOBJS=''
MAKEINFO=''
MANIFEST_TOOL=''
MKDIR_P=''
NM='mips-openwrt-linux-uclibc-gcc-nm'
NMEDIT=''
OBJDUMP='mips-openwrt-linux-uclibc-objdump'
OBJEXT=''
OPENMP_CFLAGS=''
OTOOL64=''
OTOOL=''
PACKAGE=''
PACKAGE_BUGREPORT=''
PACKAGE_NAME='jose'
PACKAGE_STRING='jose 9'
PACKAGE_TARNAME='jose'
PACKAGE_URL=''
PACKAGE_VERSION='9'
PATH_SEPARATOR=':'
PKG_CONFIG='/home/tdudlak/BP/OpenWrt-SDK-15.05.1-ar71xx/staging_dir/host/bin/pkg-config'
PKG_CONFIG_LIBDIR='/home/tdudlak/BP/OpenWrt-SDK-15.05.1-ar71xx/staging_dir/target-mips_34kc_uClibc-0.9.33.2/usr/lib/pkgconfig:/home/tdudlak/BP/OpenWrt-SDK-15.05.1-ar71xx/staging_dir/target-mips_34kc_uClibc-0.9.33.2/usr/share/pkgconfig'
PKG_CONFIG_PATH='/home/tdudlak/BP/OpenWrt-SDK-15.05.1-ar71xx/staging_dir/target-mips_34kc_uClibc-0.9.33.2/usr/lib/pkgconfig:/home/tdudlak/BP/OpenWrt-SDK-15.05.1-ar71xx/staging_dir/target-mips_34kc_uClibc-0.9.33.2/usr/share/pkgconfig'
RANLIB='mips-openwrt-linux-uclibc-gcc-ranlib'
SED=''
SET_MAKE=''
SHELL='/bin/sh'
STRIP='mips-openwrt-linux-uclibc-strip'
VERSION=''
ac_ct_AR=''
ac_ct_CC=''
ac_ct_DUMPBIN=''
am__EXEEXT_FALSE=''
am__EXEEXT_TRUE=''
am__fastdepCC_FALSE=''
am__fastdepCC_TRUE=''
am__include=''
am__isrc=''
am__leading_dot=''
am__nodep=''
am__quote=''
am__tar=''
am__untar=''
bindir='/usr/bin'
build='x86_64-redhat-linux-gnu'
build_alias='x86_64-redhat-linux'
build_cpu='x86_64'
build_os='linux-gnu'
build_vendor='redhat'
datadir='/usr/share'
datarootdir='${prefix}/share'
docdir='${datarootdir}/doc/${PACKAGE_TARNAME}'
dvidir='${docdir}'
exec_prefix='/usr'
host='mips-openwrt-linux-gnu'
host_alias='mips-openwrt-linux'
host_cpu='mips'
host_os='linux-gnu'
host_vendor='openwrt'
htmldir='${docdir}'
includedir='${prefix}/include'
infodir='/usr/info'
install_sh=''
jansson_CFLAGS=''
jansson_LIBS=''
libcrypto_CFLAGS=''
libcrypto_LIBS=''
libdir='${exec_prefix}/lib'
libexecdir='/usr/lib'
localedir='${datarootdir}/locale'
localstatedir='/var'
mandir='/usr/man'
mkdir_p=''
oldincludedir='/usr/include'
pdfdir='${docdir}'
prefix='/usr'
program_transform_name='s,x,x,'
psdir='${docdir}'
sbindir='/usr/sbin'
sharedstatedir='${prefix}/com'
sysconfdir='/etc'
target='mips-openwrt-linux-gnu'
target_alias='mips-openwrt-linux'
target_cpu='mips'
target_os='linux-gnu'
target_vendor='openwrt'
zlib_CFLAGS=''
zlib_LIBS=''

## ----------- ##
## confdefs.h. ##
## ----------- ##

/* confdefs.h */
#define PACKAGE_NAME "jose"
#define PACKAGE_TARNAME "jose"
#define PACKAGE_VERSION "9"
#define PACKAGE_STRING "jose 9"
#define PACKAGE_BUGREPORT ""
#define PACKAGE_URL ""

configure: exit 77
