This file contains any messages produced by compilers while
running configure, to aid debugging if configure makes a mistake.

It was created by jose configure 7, which was
generated by GNU Autoconf 2.69.  Invocation command line was

  $ ./configure --host=mips-openwrt-linux-uclibc --prefix=/usr/

## --------- ##
## Platform. ##
## --------- ##

hostname = kerrigan.brq.redhat.com
uname -m = x86_64
uname -r = 4.10.10-200.fc25.x86_64
uname -s = Linux
uname -v = #1 SMP Thu Apr 13 01:11:51 UTC 2017

/usr/bin/uname -p = x86_64
/bin/uname -X     = unknown

/bin/arch              = x86_64
/usr/bin/arch -k       = unknown
/usr/convex/getsysinfo = unknown
/usr/bin/hostinfo      = unknown
/bin/machine           = unknown
/usr/bin/oslevel       = unknown
/bin/universe          = unknown

PATH: /home/tdudlak/BP/OpenWrt-SDK-15.05.1-ar71xx/staging_dir/target-mips_34kc_uClibc-0.9.33.2/host/bin
PATH: /home/tdudlak/BP/OpenWrt-SDK-15.05.1-ar71xx/staging_dir/toolchain-mips_34kc_gcc-4.8-linaro_uClibc-0.9.33.2/bin
PATH: /home/tdudlak/BP/OpenWrt-SDK-15.05.1-ar71xx/staging_dir/toolchain-mips_34kc_gcc-4.8-linaro_uClibc-0.9.33.2/bin
PATH: /home/tdudlak/BP/OpenWrt-SDK-15.05.1-ar71xx/staging_dir/host/bin
PATH: /home/tdudlak/BP/OpenWrt-SDK-15.05.1-ar71xx/staging_dir/toolchain-mips_34kc_gcc-4.8-linaro_uClibc-0.9.33.2/bin
PATH: /home/tdudlak/BP/OpenWrt-SDK-15.05.1-ar71xx/staging_dir/host/bin
PATH: /home/tdudlak/BP/OpenWrt-SDK-15.05.1-ar71xx/staging_dir/host/bin
PATH: /usr/lib64/qt-3.3/bin
PATH: /usr/lib64/ccache
PATH: /usr/local/bin
PATH: /usr/local/sbin
PATH: /usr/bin
PATH: /usr/sbin
PATH: /home/tdudlak/bin


## ----------- ##
## Core tests. ##
## ----------- ##

configure:2061: loading site script /home/tdudlak/BP/OpenWrt-SDK-15.05.1-ar71xx/include/site/mips
| #!/bin/sh
| . $TOPDIR/include/site/linux
| ac_cv_c_littleendian=${ac_cv_c_littleendian=no}
| ac_cv_c_bigendian=${ac_cv_c_bigendian=yes}
| 
| ac_cv_sizeof___int64=0
| ac_cv_sizeof_char=1
| ac_cv_sizeof_int=4
| ac_cv_sizeof_int16_t=2
| ac_cv_sizeof_int32_t=4
| ac_cv_sizeof_int64_t=8
| ac_cv_sizeof_long_int=4
| ac_cv_sizeof_long_long=8
| ac_cv_sizeof_long=4
| ac_cv_sizeof_off_t=8
| ac_cv_sizeof_short_int=2
| ac_cv_sizeof_short=2
| ac_cv_sizeof_size_t=4
| ac_cv_sizeof_ssize_t=4
| ac_cv_sizeof_u_int16_t=2
| ac_cv_sizeof_u_int32_t=4
| ac_cv_sizeof_u_int64_t=8
| ac_cv_sizeof_uint16_t=2
| ac_cv_sizeof_uint32_t=4
| ac_cv_sizeof_uint64_t=8
| ac_cv_sizeof_unsigned_int=4
| ac_cv_sizeof_unsigned_long=4
| ac_cv_sizeof_unsigned_long_long=8
| ac_cv_sizeof_unsigned_short=2
| ac_cv_sizeof_void_p=4
configure:2190: checking build system type
configure:2204: result: x86_64-unknown-linux-gnu
configure:2224: checking host system type
configure:2237: result: mips-openwrt-linux-uclibc
configure:2257: checking target system type
configure:2270: result: mips-openwrt-linux-uclibc
configure:2308: checking for mips-openwrt-linux-uclibc-gcc
configure:2324: found /home/tdudlak/BP/OpenWrt-SDK-15.05.1-ar71xx/staging_dir/toolchain-mips_34kc_gcc-4.8-linaro_uClibc-0.9.33.2/bin/mips-openwrt-linux-uclibc-gcc
configure:2335: result: mips-openwrt-linux-uclibc-gcc
configure:2604: checking for C compiler version
configure:2613: mips-openwrt-linux-uclibc-gcc --version >&5
mips-openwrt-linux-uclibc-gcc (OpenWrt/Linaro GCC 4.8-2014.04 r47269) 4.8.3
Copyright (C) 2013 Free Software Foundation, Inc.
This is free software; see the source for copying conditions.  There is NO
warranty; not even for MERCHANTABILITY or FITNESS FOR A PARTICULAR PURPOSE.

configure:2624: $? = 0
configure:2613: mips-openwrt-linux-uclibc-gcc -v >&5
Reading specs from /home/tdudlak/BP/OpenWrt-SDK-15.05.1-ar71xx/staging_dir/toolchain-mips_34kc_gcc-4.8-linaro_uClibc-0.9.33.2/bin/../lib/gcc/mips-openwrt-linux-uclibc/4.8.3/specs
COLLECT_GCC=mips-openwrt-linux-uclibc-gcc
COLLECT_LTO_WRAPPER=/home/tdudlak/BP/OpenWrt-SDK-15.05.1-ar71xx/staging_dir/toolchain-mips_34kc_gcc-4.8-linaro_uClibc-0.9.33.2/bin/../libexec/gcc/mips-openwrt-linux-uclibc/4.8.3/lto-wrapper
Target: mips-openwrt-linux-uclibc
Configured with: /home/buildbot/slave-local/ar71xx_generic/build/build_dir/toolchain-mips_34kc_gcc-4.8-linaro_uClibc-0.9.33.2/gcc-linaro-4.8-2014.04/configure --with-bugurl=https://dev.openwrt.org/ --with-pkgversion='OpenWrt/Linaro GCC 4.8-2014.04 r47269' --prefix=/home/buildbot/slave-local/ar71xx_generic/build/staging_dir/toolchain-mips_34kc_gcc-4.8-linaro_uClibc-0.9.33.2 --build=x86_64-linux-gnu --host=x86_64-linux-gnu --target=mips-openwrt-linux-uclibc --with-gnu-ld --enable-target-optspace --disable-libgomp --disable-libmudflap --disable-multilib --disable-nls --with-host-libstdcxx=-lstdc++ --with-float=soft --with-gmp=/home/buildbot/slave-local/ar71xx_generic/build/staging_dir/host --with-mpfr=/home/buildbot/slave-local/ar71xx_generic/build/staging_dir/host --with-mpc=/home/buildbot/slave-local/ar71xx_generic/build/staging_dir/host --disable-decimal-float --with-mips-plt --disable-libssp --disable-__cxa_atexit --with-headers=/home/buildbot/slave-local/ar71xx_generic/build/staging_dir/toolchain-mips_34kc_gcc-4.8-linaro_uClibc-0.9.33.2/include --disable-libsanitizer --enable-languages=c,c++ --enable-shared --enable-threads --with-slibdir=/home/buildbot/slave-local/ar71xx_generic/build/staging_dir/toolchain-mips_34kc_gcc-4.8-linaro_uClibc-0.9.33.2/lib
Thread model: posix
gcc version 4.8.3 (OpenWrt/Linaro GCC 4.8-2014.04 r47269) 
configure:2624: $? = 0
configure:2613: mips-openwrt-linux-uclibc-gcc -V >&5
mips-openwrt-linux-uclibc-gcc: error: unrecognized command line option '-V'
mips-openwrt-linux-uclibc-gcc: fatal error: no input files
compilation terminated.
configure:2624: $? = 1
configure:2613: mips-openwrt-linux-uclibc-gcc -qversion >&5
mips-openwrt-linux-uclibc-gcc: error: unrecognized command line option '-qversion'
mips-openwrt-linux-uclibc-gcc: fatal error: no input files
compilation terminated.
configure:2624: $? = 1
configure:2644: checking whether the C compiler works
configure:2666: mips-openwrt-linux-uclibc-gcc    conftest.c  >&5
cc1: note: someone does not honour COPTS correctly, passed 0 times
configure:2670: $? = 0
configure:2718: result: yes
configure:2721: checking for C compiler default output file name
configure:2723: result: a.out
configure:2729: checking for suffix of executables
configure:2736: mips-openwrt-linux-uclibc-gcc -o conftest    conftest.c  >&5
cc1: note: someone does not honour COPTS correctly, passed 0 times
configure:2740: $? = 0
configure:2762: result: 
configure:2784: checking whether we are cross compiling
configure:2792: mips-openwrt-linux-uclibc-gcc -o conftest    conftest.c  >&5
cc1: note: someone does not honour COPTS correctly, passed 0 times
configure:2796: $? = 0
configure:2803: ./conftest
./configure: line 2805: ./conftest: cannot execute binary file: Exec format error
configure:2807: $? = 126
configure:2822: result: yes
configure:2827: checking for suffix of object files
configure:2849: mips-openwrt-linux-uclibc-gcc -c   conftest.c >&5
cc1: note: someone does not honour COPTS correctly, passed 0 times
configure:2853: $? = 0
configure:2874: result: o
configure:2878: checking whether we are using the GNU C compiler
configure:2897: mips-openwrt-linux-uclibc-gcc -c   conftest.c >&5
cc1: note: someone does not honour COPTS correctly, passed 0 times
configure:2897: $? = 0
configure:2906: result: yes
configure:2915: checking whether mips-openwrt-linux-uclibc-gcc accepts -g
configure:2935: mips-openwrt-linux-uclibc-gcc -c -g  conftest.c >&5
cc1: note: someone does not honour COPTS correctly, passed 0 times
configure:2935: $? = 0
configure: failed program was:
| /* confdefs.h */
| #define PACKAGE_NAME "jose"
| #define PACKAGE_TARNAME "jose"
| #define PACKAGE_VERSION "7"
| #define PACKAGE_STRING "jose 7"
| #define PACKAGE_BUGREPORT ""
| #define PACKAGE_URL ""
| /* end confdefs.h.  */
| 
| int
| main ()
| {
| 
|   ;
|   return 0;
| }
configure:2950: mips-openwrt-linux-uclibc-gcc -c   conftest.c >&5
cc1: note: someone does not honour COPTS correctly, passed 0 times
configure:2950: $? = 0
configure: failed program was:
| /* confdefs.h */
| #define PACKAGE_NAME "jose"
| #define PACKAGE_TARNAME "jose"
| #define PACKAGE_VERSION "7"
| #define PACKAGE_STRING "jose 7"
| #define PACKAGE_BUGREPORT ""
| #define PACKAGE_URL ""
| /* end confdefs.h.  */
| 
| int
| main ()
| {
| 
|   ;
|   return 0;
| }
configure:2966: mips-openwrt-linux-uclibc-gcc -c -g  conftest.c >&5
cc1: note: someone does not honour COPTS correctly, passed 0 times
configure:2966: $? = 0
configure:2976: result: yes
configure:2993: checking for mips-openwrt-linux-uclibc-gcc option to accept ISO C89
configure:3056: mips-openwrt-linux-uclibc-gcc  -c   conftest.c >&5
cc1: note: someone does not honour COPTS correctly, passed 0 times
configure:3056: $? = 0
configure:3069: result: none needed
configure:3094: checking whether mips-openwrt-linux-uclibc-gcc understands -c and -o together
configure:3116: mips-openwrt-linux-uclibc-gcc -c conftest.c -o conftest2.o
cc1: note: someone does not honour COPTS correctly, passed 0 times
configure:3119: $? = 0
configure:3116: mips-openwrt-linux-uclibc-gcc -c conftest.c -o conftest2.o
cc1: note: someone does not honour COPTS correctly, passed 0 times
configure:3119: $? = 0
configure:3131: result: yes
configure:3148: checking for mips-openwrt-linux-uclibc-gcc option to accept ISO C99
configure:3297: mips-openwrt-linux-uclibc-gcc  -c   conftest.c >&5
cc1: note: someone does not honour COPTS correctly, passed 0 times
conftest.c:59:29: error: expected ';', ',' or ')' before 'text'
 test_restrict (ccp restrict text)
                             ^
conftest.c: In function 'main':
conftest.c:113:18: error: expected '=', ',', ';', 'asm' or '__attribute__' before 'newvar'
   char *restrict newvar = "Another string";
                  ^
conftest.c:113:18: error: 'newvar' undeclared (first use in this function)
conftest.c:113:18: note: each undeclared identifier is reported only once for each function it appears in
conftest.c:123:3: error: 'for' loop initial declarations are only allowed in C99 mode
   for (int i = 0; i < ia->datasize; ++i)
   ^
conftest.c:123:3: note: use option -std=c99 or -std=gnu99 to compile your code
configure:3297: $? = 1
configure: failed program was:
| /* confdefs.h */
| #define PACKAGE_NAME "jose"
| #define PACKAGE_TARNAME "jose"
| #define PACKAGE_VERSION "7"
| #define PACKAGE_STRING "jose 7"
| #define PACKAGE_BUGREPORT ""
| #define PACKAGE_URL ""
| /* end confdefs.h.  */
| #include <stdarg.h>
| #include <stdbool.h>
| #include <stdlib.h>
| #include <wchar.h>
| #include <stdio.h>
| 
| // Check varargs macros.  These examples are taken from C99 6.10.3.5.
| #define debug(...) fprintf (stderr, __VA_ARGS__)
| #define showlist(...) puts (#__VA_ARGS__)
| #define report(test,...) ((test) ? puts (#test) : printf (__VA_ARGS__))
| static void
| test_varargs_macros (void)
| {
|   int x = 1234;
|   int y = 5678;
|   debug ("Flag");
|   debug ("X = %d\n", x);
|   showlist (The first, second, and third items.);
|   report (x>y, "x is %d but y is %d", x, y);
| }
| 
| // Check long long types.
| #define BIG64 18446744073709551615ull
| #define BIG32 4294967295ul
| #define BIG_OK (BIG64 / BIG32 == 4294967297ull && BIG64 % BIG32 == 0)
| #if !BIG_OK
|   your preprocessor is broken;
| #endif
| #if BIG_OK
| #else
|   your preprocessor is broken;
| #endif
| static long long int bignum = -9223372036854775807LL;
| static unsigned long long int ubignum = BIG64;
| 
| struct incomplete_array
| {
|   int datasize;
|   double data[];
| };
| 
| struct named_init {
|   int number;
|   const wchar_t *name;
|   double average;
| };
| 
| typedef const char *ccp;
| 
| static inline int
| test_restrict (ccp restrict text)
| {
|   // See if C++-style comments work.
|   // Iterate through items via the restricted pointer.
|   // Also check for declarations in for loops.
|   for (unsigned int i = 0; *(text+i) != '\0'; ++i)
|     continue;
|   return 0;
| }
| 
| // Check varargs and va_copy.
| static void
| test_varargs (const char *format, ...)
| {
|   va_list args;
|   va_start (args, format);
|   va_list args_copy;
|   va_copy (args_copy, args);
| 
|   const char *str;
|   int number;
|   float fnumber;
| 
|   while (*format)
|     {
|       switch (*format++)
| 	{
| 	case 's': // string
| 	  str = va_arg (args_copy, const char *);
| 	  break;
| 	case 'd': // int
| 	  number = va_arg (args_copy, int);
| 	  break;
| 	case 'f': // float
| 	  fnumber = va_arg (args_copy, double);
| 	  break;
| 	default:
| 	  break;
| 	}
|     }
|   va_end (args_copy);
|   va_end (args);
| }
| 
| int
| main ()
| {
| 
|   // Check bool.
|   _Bool success = false;
| 
|   // Check restrict.
|   if (test_restrict ("String literal") == 0)
|     success = true;
|   char *restrict newvar = "Another string";
| 
|   // Check varargs.
|   test_varargs ("s, d' f .", "string", 65, 34.234);
|   test_varargs_macros ();
| 
|   // Check flexible array members.
|   struct incomplete_array *ia =
|     malloc (sizeof (struct incomplete_array) + (sizeof (double) * 10));
|   ia->datasize = 10;
|   for (int i = 0; i < ia->datasize; ++i)
|     ia->data[i] = i * 1.234;
| 
|   // Check named initializers.
|   struct named_init ni = {
|     .number = 34,
|     .name = L"Test wide string",
|     .average = 543.34343,
|   };
| 
|   ni.number = 58;
| 
|   int dynamic_array[ni.number];
|   dynamic_array[ni.number - 1] = 543;
| 
|   // work around unused variable warnings
|   return (!success || bignum == 0LL || ubignum == 0uLL || newvar[0] == 'x'
| 	  || dynamic_array[ni.number - 1] != 543);
| 
|   ;
|   return 0;
| }
configure:3297: mips-openwrt-linux-uclibc-gcc -std=gnu99 -c   conftest.c >&5
cc1: note: someone does not honour COPTS correctly, passed 0 times
configure:3297: $? = 0
configure:3317: result: -std=gnu99
configure:3342: checking for a BSD-compatible install
configure:3410: result: /usr/bin/install -c
configure:3421: checking whether build environment is sane
configure:3476: result: yes
configure:3532: checking for mips-openwrt-linux-uclibc-strip
configure:3548: found /home/tdudlak/BP/OpenWrt-SDK-15.05.1-ar71xx/staging_dir/toolchain-mips_34kc_gcc-4.8-linaro_uClibc-0.9.33.2/bin/mips-openwrt-linux-uclibc-strip
configure:3559: result: mips-openwrt-linux-uclibc-strip
configure:3624: checking for a thread-safe mkdir -p
configure:3663: result: /usr/bin/mkdir -p
configure:3670: checking for gawk
configure:3686: found /usr/bin/gawk
configure:3697: result: gawk
configure:3708: checking whether make sets $(MAKE)
configure:3730: result: yes
configure:3760: checking for style of include used by make
configure:3788: result: GNU
configure:3822: checking whether make supports nested variables
configure:3839: result: yes
configure:3925: checking dependency style of mips-openwrt-linux-uclibc-gcc -std=gnu99
configure:4036: result: gcc3
configure:4105: checking whether make supports nested variables
configure:4122: result: yes
configure:4182: checking how to print strings
configure:4209: result: printf
configure:4230: checking for a sed that does not truncate output
configure:4294: result: /home/tdudlak/BP/OpenWrt-SDK-15.05.1-ar71xx/staging_dir/host/bin/sed
configure:4312: checking for grep that handles long lines and -e
configure:4370: result: /home/tdudlak/BP/OpenWrt-SDK-15.05.1-ar71xx/staging_dir/host/bin/grep
configure:4375: checking for egrep
configure:4437: result: /home/tdudlak/BP/OpenWrt-SDK-15.05.1-ar71xx/staging_dir/host/bin/grep -E
configure:4442: checking for fgrep
configure:4504: result: /home/tdudlak/BP/OpenWrt-SDK-15.05.1-ar71xx/staging_dir/host/bin/grep -F
configure:4539: checking for ld used by mips-openwrt-linux-uclibc-gcc -std=gnu99
configure:4606: result: /home/tdudlak/BP/OpenWrt-SDK-15.05.1-ar71xx/staging_dir/toolchain-mips_34kc_gcc-4.8-linaro_uClibc-0.9.33.2/mips-openwrt-linux-uclibc/bin/ld
configure:4613: checking if the linker (/home/tdudlak/BP/OpenWrt-SDK-15.05.1-ar71xx/staging_dir/toolchain-mips_34kc_gcc-4.8-linaro_uClibc-0.9.33.2/mips-openwrt-linux-uclibc/bin/ld) is GNU ld
configure:4628: result: yes
configure:4640: checking for BSD- or MS-compatible name lister (nm)
configure:4689: result: /home/tdudlak/BP/OpenWrt-SDK-15.05.1-ar71xx/staging_dir/toolchain-mips_34kc_gcc-4.8-linaro_uClibc-0.9.33.2/bin/mips-openwrt-linux-uclibc-nm -B
configure:4819: checking the name lister (/home/tdudlak/BP/OpenWrt-SDK-15.05.1-ar71xx/staging_dir/toolchain-mips_34kc_gcc-4.8-linaro_uClibc-0.9.33.2/bin/mips-openwrt-linux-uclibc-nm -B) interface
configure:4826: mips-openwrt-linux-uclibc-gcc -std=gnu99 -c   conftest.c >&5
cc1: note: someone does not honour COPTS correctly, passed 0 times
configure:4829: /home/tdudlak/BP/OpenWrt-SDK-15.05.1-ar71xx/staging_dir/toolchain-mips_34kc_gcc-4.8-linaro_uClibc-0.9.33.2/bin/mips-openwrt-linux-uclibc-nm -B "conftest.o"
configure:4832: output
00000000 B some_variable
configure:4839: result: BSD nm
configure:4842: checking whether ln -s works
configure:4846: result: yes
configure:4854: checking the maximum length of command line arguments
configure:4979: result: 1572864
configure:4996: checking whether the shell understands some XSI constructs
configure:5006: result: yes
configure:5010: checking whether the shell understands "+="
configure:5016: result: yes
configure:5051: checking how to convert x86_64-unknown-linux-gnu file names to mips-openwrt-linux-uclibc format
configure:5091: result: func_convert_file_noop
configure:5098: checking how to convert x86_64-unknown-linux-gnu file names to toolchain format
configure:5118: result: func_convert_file_noop
configure:5125: checking for /home/tdudlak/BP/OpenWrt-SDK-15.05.1-ar71xx/staging_dir/toolchain-mips_34kc_gcc-4.8-linaro_uClibc-0.9.33.2/mips-openwrt-linux-uclibc/bin/ld option to reload object files
configure:5132: result: -r
configure:5166: checking for mips-openwrt-linux-uclibc-objdump
configure:5182: found /home/tdudlak/BP/OpenWrt-SDK-15.05.1-ar71xx/staging_dir/toolchain-mips_34kc_gcc-4.8-linaro_uClibc-0.9.33.2/bin/mips-openwrt-linux-uclibc-objdump
configure:5193: result: mips-openwrt-linux-uclibc-objdump
configure:5265: checking how to recognize dependent libraries
configure:5467: result: pass_all
configure:5512: checking for mips-openwrt-linux-uclibc-dlltool
configure:5542: result: no
configure:5552: checking for dlltool
configure:5582: result: no
configure:5612: checking how to associate runtime and link libraries
configure:5639: result: printf %s\n
configure:5656: checking for mips-openwrt-linux-uclibc-ar
configure:5672: found /home/tdudlak/BP/OpenWrt-SDK-15.05.1-ar71xx/staging_dir/toolchain-mips_34kc_gcc-4.8-linaro_uClibc-0.9.33.2/bin/mips-openwrt-linux-uclibc-ar
configure:5683: result: mips-openwrt-linux-uclibc-ar
configure:5764: checking for archiver @FILE support
configure:5781: mips-openwrt-linux-uclibc-gcc -std=gnu99 -c   conftest.c >&5
cc1: note: someone does not honour COPTS correctly, passed 0 times
configure:5781: $? = 0
configure:5784: mips-openwrt-linux-uclibc-ar cru libconftest.a @conftest.lst >&5
configure:5787: $? = 0
configure:5792: mips-openwrt-linux-uclibc-ar cru libconftest.a @conftest.lst >&5
mips-openwrt-linux-uclibc-ar: conftest.o: No such file or directory
configure:5795: $? = 1
configure:5807: result: @
configure:5825: checking for mips-openwrt-linux-uclibc-strip
configure:5852: result: mips-openwrt-linux-uclibc-strip
configure:5924: checking for mips-openwrt-linux-uclibc-ranlib
configure:5940: found /home/tdudlak/BP/OpenWrt-SDK-15.05.1-ar71xx/staging_dir/toolchain-mips_34kc_gcc-4.8-linaro_uClibc-0.9.33.2/bin/mips-openwrt-linux-uclibc-ranlib
configure:5951: result: mips-openwrt-linux-uclibc-ranlib
configure:6093: checking command to parse /home/tdudlak/BP/OpenWrt-SDK-15.05.1-ar71xx/staging_dir/toolchain-mips_34kc_gcc-4.8-linaro_uClibc-0.9.33.2/bin/mips-openwrt-linux-uclibc-nm -B output from mips-openwrt-linux-uclibc-gcc -std=gnu99 object
configure:6212: mips-openwrt-linux-uclibc-gcc -std=gnu99 -c   conftest.c >&5
cc1: note: someone does not honour COPTS correctly, passed 0 times
configure:6215: $? = 0
configure:6219: /home/tdudlak/BP/OpenWrt-SDK-15.05.1-ar71xx/staging_dir/toolchain-mips_34kc_gcc-4.8-linaro_uClibc-0.9.33.2/bin/mips-openwrt-linux-uclibc-nm -B conftest.o \| sed -n -e 's/^.*[ ]\([ABCDGIRSTW][ABCDGIRSTW]*\)[ ][ ]*\([_A-Za-z][_A-Za-z0-9]*\)$/\1 \2 \2/p' | sed '/ __gnu_lto/d' \> conftest.nm
configure:6222: $? = 0
configure:6288: mips-openwrt-linux-uclibc-gcc -std=gnu99 -o conftest    conftest.c conftstm.o >&5
cc1: note: someone does not honour COPTS correctly, passed 0 times
configure:6291: $? = 0
configure:6329: result: ok
configure:6366: checking for sysroot
configure:6396: result: no
configure:6599: checking for mips-openwrt-linux-uclibc-mt
configure:6629: result: no
configure:6639: checking for mt
configure:6669: result: no
configure:6689: checking if : is a manifest tool
configure:6695: : '-?'
configure:6703: result: no
configure:7335: checking how to run the C preprocessor
configure:7366: mips-openwrt-linux-uclibc-gcc -std=gnu99 -E  conftest.c
configure:7366: $? = 0
configure:7380: mips-openwrt-linux-uclibc-gcc -std=gnu99 -E  conftest.c
conftest.c:11:28: fatal error: ac_nonexistent.h: No such file or directory
 #include <ac_nonexistent.h>
                            ^
compilation terminated.
configure:7380: $? = 1
configure: failed program was:
| /* confdefs.h */
| #define PACKAGE_NAME "jose"
| #define PACKAGE_TARNAME "jose"
| #define PACKAGE_VERSION "7"
| #define PACKAGE_STRING "jose 7"
| #define PACKAGE_BUGREPORT ""
| #define PACKAGE_URL ""
| #define PACKAGE "jose"
| #define VERSION "7"
| /* end confdefs.h.  */
| #include <ac_nonexistent.h>
configure:7405: result: mips-openwrt-linux-uclibc-gcc -std=gnu99 -E
configure:7425: mips-openwrt-linux-uclibc-gcc -std=gnu99 -E  conftest.c
configure:7425: $? = 0
configure:7439: mips-openwrt-linux-uclibc-gcc -std=gnu99 -E  conftest.c
conftest.c:11:28: fatal error: ac_nonexistent.h: No such file or directory
 #include <ac_nonexistent.h>
                            ^
compilation terminated.
configure:7439: $? = 1
configure: failed program was:
| /* confdefs.h */
| #define PACKAGE_NAME "jose"
| #define PACKAGE_TARNAME "jose"
| #define PACKAGE_VERSION "7"
| #define PACKAGE_STRING "jose 7"
| #define PACKAGE_BUGREPORT ""
| #define PACKAGE_URL ""
| #define PACKAGE "jose"
| #define VERSION "7"
| /* end confdefs.h.  */
| #include <ac_nonexistent.h>
configure:7468: checking for ANSI C header files
configure:7488: mips-openwrt-linux-uclibc-gcc -std=gnu99 -c   conftest.c >&5
cc1: note: someone does not honour COPTS correctly, passed 0 times
configure:7488: $? = 0
configure:7572: result: yes
configure:7585: checking for sys/types.h
configure:7585: mips-openwrt-linux-uclibc-gcc -std=gnu99 -c   conftest.c >&5
cc1: note: someone does not honour COPTS correctly, passed 0 times
configure:7585: $? = 0
configure:7585: result: yes
configure:7585: checking for sys/stat.h
configure:7585: mips-openwrt-linux-uclibc-gcc -std=gnu99 -c   conftest.c >&5
cc1: note: someone does not honour COPTS correctly, passed 0 times
configure:7585: $? = 0
configure:7585: result: yes
configure:7585: checking for stdlib.h
configure:7585: mips-openwrt-linux-uclibc-gcc -std=gnu99 -c   conftest.c >&5
cc1: note: someone does not honour COPTS correctly, passed 0 times
configure:7585: $? = 0
configure:7585: result: yes
configure:7585: checking for string.h
configure:7585: mips-openwrt-linux-uclibc-gcc -std=gnu99 -c   conftest.c >&5
cc1: note: someone does not honour COPTS correctly, passed 0 times
configure:7585: $? = 0
configure:7585: result: yes
configure:7585: checking for memory.h
configure:7585: mips-openwrt-linux-uclibc-gcc -std=gnu99 -c   conftest.c >&5
cc1: note: someone does not honour COPTS correctly, passed 0 times
configure:7585: $? = 0
configure:7585: result: yes
configure:7585: checking for strings.h
configure:7585: mips-openwrt-linux-uclibc-gcc -std=gnu99 -c   conftest.c >&5
cc1: note: someone does not honour COPTS correctly, passed 0 times
configure:7585: $? = 0
configure:7585: result: yes
configure:7585: checking for inttypes.h
configure:7585: mips-openwrt-linux-uclibc-gcc -std=gnu99 -c   conftest.c >&5
cc1: note: someone does not honour COPTS correctly, passed 0 times
configure:7585: $? = 0
configure:7585: result: yes
configure:7585: checking for stdint.h
configure:7585: mips-openwrt-linux-uclibc-gcc -std=gnu99 -c   conftest.c >&5
cc1: note: someone does not honour COPTS correctly, passed 0 times
configure:7585: $? = 0
configure:7585: result: yes
configure:7585: checking for unistd.h
configure:7585: mips-openwrt-linux-uclibc-gcc -std=gnu99 -c   conftest.c >&5
cc1: note: someone does not honour COPTS correctly, passed 0 times
configure:7585: $? = 0
configure:7585: result: yes
configure:7599: checking for dlfcn.h
configure:7599: mips-openwrt-linux-uclibc-gcc -std=gnu99 -c   conftest.c >&5
cc1: note: someone does not honour COPTS correctly, passed 0 times
configure:7599: $? = 0
configure:7599: result: yes
configure:7785: checking for objdir
configure:7800: result: .libs
configure:8067: checking if mips-openwrt-linux-uclibc-gcc -std=gnu99 supports -fno-rtti -fno-exceptions
configure:8085: mips-openwrt-linux-uclibc-gcc -std=gnu99 -c   -fno-rtti -fno-exceptions conftest.c >&5
cc1: warning: command line option '-fno-rtti' is valid for C++/ObjC++ but not for C [enabled by default]
cc1: note: someone does not honour COPTS correctly, passed 0 times
configure:8089: $? = 0
configure:8102: result: no
configure:8412: checking for mips-openwrt-linux-uclibc-gcc -std=gnu99 option to produce PIC
configure:8419: result: -fPIC -DPIC
configure:8427: checking if mips-openwrt-linux-uclibc-gcc -std=gnu99 PIC flag -fPIC -DPIC works
configure:8445: mips-openwrt-linux-uclibc-gcc -std=gnu99 -c   -fPIC -DPIC -DPIC conftest.c >&5
cc1: note: someone does not honour COPTS correctly, passed 0 times
configure:8449: $? = 0
configure:8462: result: yes
configure:8491: checking if mips-openwrt-linux-uclibc-gcc -std=gnu99 static flag -static works
cc1: note: someone does not honour COPTS correctly, passed 0 times
configure:8519: result: yes
configure:8534: checking if mips-openwrt-linux-uclibc-gcc -std=gnu99 supports -c -o file.o
configure:8555: mips-openwrt-linux-uclibc-gcc -std=gnu99 -c   -o out/conftest2.o conftest.c >&5
cc1: note: someone does not honour COPTS correctly, passed 0 times
configure:8559: $? = 0
configure:8581: result: yes
configure:8589: checking if mips-openwrt-linux-uclibc-gcc -std=gnu99 supports -c -o file.o
configure:8636: result: yes
configure:8669: checking whether the mips-openwrt-linux-uclibc-gcc -std=gnu99 linker (/home/tdudlak/BP/OpenWrt-SDK-15.05.1-ar71xx/staging_dir/toolchain-mips_34kc_gcc-4.8-linaro_uClibc-0.9.33.2/mips-openwrt-linux-uclibc/bin/ld) supports shared libraries
configure:9827: result: yes
configure:9864: checking whether -lc should be explicitly linked in
configure:9872: mips-openwrt-linux-uclibc-gcc -std=gnu99 -c   conftest.c >&5
cc1: note: someone does not honour COPTS correctly, passed 0 times
configure:9875: $? = 0
configure:9890: mips-openwrt-linux-uclibc-gcc -std=gnu99 -shared  -fPIC -DPIC conftest.o  -v -Wl,-soname -Wl,conftest -o conftest 2\>\&1 \| /home/tdudlak/BP/OpenWrt-SDK-15.05.1-ar71xx/staging_dir/host/bin/grep  -lc  \>/dev/null 2\>\&1
configure:9893: $? = 0
configure:9907: result: no
configure:10072: checking dynamic linker characteristics
configure:10586: mips-openwrt-linux-uclibc-gcc -std=gnu99 -o conftest    -Wl,-rpath -Wl,/foo conftest.c  >&5
cc1: note: someone does not honour COPTS correctly, passed 0 times
configure:10586: $? = 0
configure:10808: result: GNU/Linux ld.so
configure:10915: checking how to hardcode library paths into programs
configure:10940: result: immediate
configure:11480: checking whether stripping libraries is possible
configure:11485: result: yes
configure:11520: checking if libtool supports shared libraries
configure:11522: result: yes
configure:11525: checking whether to build shared libraries
configure:11546: result: yes
configure:11549: checking whether to build static libraries
configure:11553: result: no
configure:11698: checking pkg-config is at least version 0.25
configure:11701: result: yes
configure:11711: checking for jansson
configure:11718: $PKG_CONFIG --exists --print-errors "jansson >= 2.9"
configure:11721: $? = 0
configure:11735: $PKG_CONFIG --exists --print-errors "jansson >= 2.9"
configure:11738: $? = 0
configure:11796: result: yes
configure:11908: checking for libcrypto
configure:11915: $PKG_CONFIG --exists --print-errors "libcrypto >= 1.0.2"
configure:11918: $? = 0
configure:11932: $PKG_CONFIG --exists --print-errors "libcrypto >= 1.0.2"
configure:11935: $? = 0
configure:11973: result: yes
configure:11988: checking for pthread_mutex_lock in -lpthread
configure:12013: mips-openwrt-linux-uclibc-gcc -std=gnu99 -o conftest    conftest.c -lpthread   >&5
cc1: note: someone does not honour COPTS correctly, passed 0 times
configure:12013: $? = 0
configure:12022: result: yes
configure:12145: checking for zlib
configure:12152: $PKG_CONFIG --exists --print-errors "zlib"
configure:12155: $? = 0
configure:12169: $PKG_CONFIG --exists --print-errors "zlib"
configure:12172: $? = 0
configure:12210: result: yes
configure:12393: checking that generated files are newer than configure
configure:12399: result: done
configure:12430: creating ./config.status

## ---------------------- ##
## Running config.status. ##
## ---------------------- ##

This file was extended by jose config.status 7, which was
generated by GNU Autoconf 2.69.  Invocation command line was

  CONFIG_FILES    = 
  CONFIG_HEADERS  = 
  CONFIG_LINKS    = 
  CONFIG_COMMANDS = 
  $ ./config.status 

on kerrigan.brq.redhat.com

config.status:1027: creating jose/jose.h
config.status:1027: creating jose.pc
config.status:1027: creating jose-openssl.pc
config.status:1027: creating jose-zlib.pc
config.status:1027: creating Makefile
config.status:1199: executing depfiles commands
config.status:1199: executing libtool commands

## ---------------- ##
## Cache variables. ##
## ---------------- ##

ac_cv_build=x86_64-unknown-linux-gnu
ac_cv_c_bigendian=yes
ac_cv_c_compiler_gnu=yes
ac_cv_c_gettext_without_libintl=yes
ac_cv_c_littleendian=no
ac_cv_c_long_double=no
ac_cv_conv_longlong_to_float=yes
ac_cv_env_CC_set=
ac_cv_env_CC_value=
ac_cv_env_CFLAGS_set=set
ac_cv_env_CFLAGS_value=
ac_cv_env_CPPFLAGS_set=
ac_cv_env_CPPFLAGS_value=
ac_cv_env_CPP_set=
ac_cv_env_CPP_value=
ac_cv_env_LDFLAGS_set=
ac_cv_env_LDFLAGS_value=
ac_cv_env_LIBS_set=
ac_cv_env_LIBS_value=
ac_cv_env_PKG_CONFIG_LIBDIR_set=set
ac_cv_env_PKG_CONFIG_LIBDIR_value=/home/tdudlak/BP/OpenWrt-SDK-15.05.1-ar71xx/staging_dir/target-mips_34kc_uClibc-0.9.33.2/usr/lib/pkgconfig:/home/tdudlak/BP/OpenWrt-SDK-15.05.1-ar71xx/staging_dir/target-mips_34kc_uClibc-0.9.33.2/usr/share/pkgconfig
ac_cv_env_PKG_CONFIG_PATH_set=set
ac_cv_env_PKG_CONFIG_PATH_value=/home/tdudlak/BP/OpenWrt-SDK-15.05.1-ar71xx/staging_dir/target-mips_34kc_uClibc-0.9.33.2/usr/lib/pkgconfig:/home/tdudlak/BP/OpenWrt-SDK-15.05.1-ar71xx/staging_dir/target-mips_34kc_uClibc-0.9.33.2/usr/share/pkgconfig
ac_cv_env_PKG_CONFIG_set=set
ac_cv_env_PKG_CONFIG_value=/home/tdudlak/BP/OpenWrt-SDK-15.05.1-ar71xx/staging_dir/host/bin/pkg-config
ac_cv_env_build_alias_set=
ac_cv_env_build_alias_value=
ac_cv_env_host_alias_set=set
ac_cv_env_host_alias_value=mips-openwrt-linux-uclibc
ac_cv_env_jansson_CFLAGS_set=
ac_cv_env_jansson_CFLAGS_value=
ac_cv_env_jansson_LIBS_set=
ac_cv_env_jansson_LIBS_value=
ac_cv_env_libcrypto_CFLAGS_set=
ac_cv_env_libcrypto_CFLAGS_value=
ac_cv_env_libcrypto_LIBS_set=
ac_cv_env_libcrypto_LIBS_value=
ac_cv_env_target_alias_set=
ac_cv_env_target_alias_value=
ac_cv_env_zlib_CFLAGS_set=
ac_cv_env_zlib_CFLAGS_value=
ac_cv_env_zlib_LIBS_set=
ac_cv_env_zlib_LIBS_value=
ac_cv_file__dev_zero=yes
ac_cv_func___adjtimex=yes
ac_cv_func___va_copy=no
ac_cv_func__exit=yes
ac_cv_func_bcmp=yes
ac_cv_func_bcopy=yes
ac_cv_func_bzero=yes
ac_cv_func_cimag=yes
ac_cv_func_creal=yes
ac_cv_func_fchmod=yes
ac_cv_func_getaddrinfo=yes
ac_cv_func_getcwd=yes
ac_cv_func_getdomainname=yes
ac_cv_func_getpgrp_void=yes
ac_cv_func_getpwuid_r=yes
ac_cv_func_gettimeofday=yes
ac_cv_func_index=yes
ac_cv_func_lstat=yes
ac_cv_func_lstat_dereferences_slashed_symlink=yes
ac_cv_func_lstat_empty_string_bug=no
ac_cv_func_malloc_0_nonnull=yes
ac_cv_func_malloc_works=yes
ac_cv_func_memcmp_clean=yes
ac_cv_func_memcmp_working=yes
ac_cv_func_posix_getgrgid_r=yes
ac_cv_func_posix_getpwuid_r=yes
ac_cv_func_psignal=yes
ac_cv_func_pthread_key_delete=yes
ac_cv_func_realloc_0_nonnull=yes
ac_cv_func_realloc_works=yes
ac_cv_func_rename=yes
ac_cv_func_rindex=yes
ac_cv_func_setgrent_void=yes
ac_cv_func_setlocale=yes
ac_cv_func_setpgrp_void=yes
ac_cv_func_setresuid=no
ac_cv_func_setvbuf_reversed=no
ac_cv_func_stat_empty_string_bug=no
ac_cv_func_stat_ignores_trailing_slash=no
ac_cv_func_strerror=yes
ac_cv_func_strftime=yes
ac_cv_func_utimes=yes
ac_cv_func_va_copy=no
ac_cv_func_vsnprintf=yes
ac_cv_have_accrights_in_msghdr=no
ac_cv_have_broken_snprintf=no
ac_cv_have_control_in_msghdr=yes
ac_cv_have_decl_sys_siglist=no
ac_cv_have_openpty_ctty_bug=yes
ac_cv_have_space_d_name_in_struct_dirent=yes
ac_cv_header_dlfcn_h=yes
ac_cv_header_inttypes_h=yes
ac_cv_header_memory_h=yes
ac_cv_header_netinet_sctp_h=no
ac_cv_header_netinet_sctp_uio_h=no
ac_cv_header_stdc=yes
ac_cv_header_stdint_h=yes
ac_cv_header_stdlib_h=yes
ac_cv_header_string_h=yes
ac_cv_header_strings_h=yes
ac_cv_header_sys_stat_h=yes
ac_cv_header_sys_types_h=yes
ac_cv_header_unistd_h=yes
ac_cv_host=mips-openwrt-linux-uclibc
ac_cv_int64_t=yes
ac_cv_lbl_unaligned_fail=no
ac_cv_lib_pthread_pthread_mutex_lock=yes
ac_cv_linux_kernel_pppoe=yes
ac_cv_linux_vers=2
ac_cv_objext=o
ac_cv_pack_bitfields_reversed=yes
ac_cv_path_EGREP='/home/tdudlak/BP/OpenWrt-SDK-15.05.1-ar71xx/staging_dir/host/bin/grep -E'
ac_cv_path_FGREP='/home/tdudlak/BP/OpenWrt-SDK-15.05.1-ar71xx/staging_dir/host/bin/grep -F'
ac_cv_path_GREP=/home/tdudlak/BP/OpenWrt-SDK-15.05.1-ar71xx/staging_dir/host/bin/grep
ac_cv_path_LDCONFIG=
ac_cv_path_SED=/home/tdudlak/BP/OpenWrt-SDK-15.05.1-ar71xx/staging_dir/host/bin/sed
ac_cv_path_install='/usr/bin/install -c'
ac_cv_path_mkdir=/usr/bin/mkdir
ac_cv_prog_AR=mips-openwrt-linux-uclibc-ar
ac_cv_prog_AWK=gawk
ac_cv_prog_CC=mips-openwrt-linux-uclibc-gcc
ac_cv_prog_CPP='mips-openwrt-linux-uclibc-gcc -std=gnu99 -E'
ac_cv_prog_OBJDUMP=mips-openwrt-linux-uclibc-objdump
ac_cv_prog_RANLIB=mips-openwrt-linux-uclibc-ranlib
ac_cv_prog_STRIP=mips-openwrt-linux-uclibc-strip
ac_cv_prog_cc_c89=
ac_cv_prog_cc_c99=-std=gnu99
ac_cv_prog_cc_g=yes
ac_cv_prog_make_make_set=yes
ac_cv_regexec_segfault_emptystr=no
ac_cv_sctp=no
ac_cv_sizeof___int64=0
ac_cv_sizeof_char=1
ac_cv_sizeof_int16_t=2
ac_cv_sizeof_int32_t=4
ac_cv_sizeof_int64_t=8
ac_cv_sizeof_int=4
ac_cv_sizeof_long=4
ac_cv_sizeof_long_int=4
ac_cv_sizeof_long_long=8
ac_cv_sizeof_off_t=8
ac_cv_sizeof_short=2
ac_cv_sizeof_short_int=2
ac_cv_sizeof_size_t=4
ac_cv_sizeof_ssize_t=4
ac_cv_sizeof_u_int16_t=2
ac_cv_sizeof_u_int32_t=4
ac_cv_sizeof_u_int64_t=8
ac_cv_sizeof_uint16_t=2
ac_cv_sizeof_uint32_t=4
ac_cv_sizeof_uint64_t=8
ac_cv_sizeof_unsigned_int=4
ac_cv_sizeof_unsigned_long=4
ac_cv_sizeof_unsigned_long_long=8
ac_cv_sizeof_unsigned_short=2
ac_cv_sizeof_void_p=4
ac_cv_sys_restartable_syscalls=yes
ac_cv_target=mips-openwrt-linux-uclibc
ac_cv_time_r_type=POSIX
ac_cv_type_suseconds_t=yes
ac_cv_uchar=no
ac_cv_uint64_t=yes
ac_cv_uint=yes
ac_cv_ulong=yes
ac_cv_ushort=yes
ac_cv_va_copy=C99
ac_cv_va_val_copy=yes
am_cv_CC_dependencies_compiler_type=gcc3
am_cv_make_support_nested_variables=yes
am_cv_prog_cc_c_o=yes
as_cv_unaligned_access=yes
lt_cv_ar_at_file=@
lt_cv_archive_cmds_need_lc=no
lt_cv_deplibs_check_method=pass_all
lt_cv_file_magic_cmd='$MAGIC_CMD'
lt_cv_file_magic_test_file=
lt_cv_ld_reload_flag=-r
lt_cv_nm_interface='BSD nm'
lt_cv_objdir=.libs
lt_cv_path_LD=/home/tdudlak/BP/OpenWrt-SDK-15.05.1-ar71xx/staging_dir/toolchain-mips_34kc_gcc-4.8-linaro_uClibc-0.9.33.2/mips-openwrt-linux-uclibc/bin/ld
lt_cv_path_NM='/home/tdudlak/BP/OpenWrt-SDK-15.05.1-ar71xx/staging_dir/toolchain-mips_34kc_gcc-4.8-linaro_uClibc-0.9.33.2/bin/mips-openwrt-linux-uclibc-nm -B'
lt_cv_path_mainfest_tool=no
lt_cv_prog_compiler_c_o=yes
lt_cv_prog_compiler_pic='-fPIC -DPIC'
lt_cv_prog_compiler_pic_works=yes
lt_cv_prog_compiler_rtti_exceptions=no
lt_cv_prog_compiler_static_works=yes
lt_cv_prog_gnu_ld=yes
lt_cv_sharedlib_from_linklib_cmd='printf %s\n'
lt_cv_shlibpath_overrides_runpath=no
lt_cv_sys_global_symbol_pipe='sed -n -e '\''s/^.*[	 ]\([ABCDGIRSTW][ABCDGIRSTW]*\)[	 ][	 ]*\([_A-Za-z][_A-Za-z0-9]*\)$/\1 \2 \2/p'\'' | sed '\''/ __gnu_lto/d'\'''
lt_cv_sys_global_symbol_to_c_name_address='sed -n -e '\''s/^: \([^ ]*\)[ ]*$/  {\"\1\", (void *) 0},/p'\'' -e '\''s/^[ABCDGIRSTW]* \([^ ]*\) \([^ ]*\)$/  {"\2", (void *) \&\2},/p'\'''
lt_cv_sys_global_symbol_to_c_name_address_lib_prefix='sed -n -e '\''s/^: \([^ ]*\)[ ]*$/  {\"\1\", (void *) 0},/p'\'' -e '\''s/^[ABCDGIRSTW]* \([^ ]*\) \(lib[^ ]*\)$/  {"\2", (void *) \&\2},/p'\'' -e '\''s/^[ABCDGIRSTW]* \([^ ]*\) \([^ ]*\)$/  {"lib\2", (void *) \&\2},/p'\'''
lt_cv_sys_global_symbol_to_cdecl='sed -n -e '\''s/^T .* \(.*\)$/extern int \1();/p'\'' -e '\''s/^[ABCDGIRSTW]* .* \(.*\)$/extern char \1;/p'\'''
lt_cv_sys_max_cmd_len=1572864
lt_cv_to_host_file_cmd=func_convert_file_noop
lt_cv_to_tool_file_cmd=func_convert_file_noop
pkg_cv_jansson_CFLAGS=-I/home/tdudlak/BP/OpenWrt-SDK-15.05.1-ar71xx/staging_dir/target-mips_34kc_uClibc-0.9.33.2/usr/include
pkg_cv_jansson_LIBS='-L/home/tdudlak/BP/OpenWrt-SDK-15.05.1-ar71xx/staging_dir/target-mips_34kc_uClibc-0.9.33.2/usr/lib -ljansson'
pkg_cv_libcrypto_CFLAGS=-I/home/tdudlak/BP/OpenWrt-SDK-15.05.1-ar71xx/staging_dir/target-mips_34kc_uClibc-0.9.33.2/usr/include
pkg_cv_libcrypto_LIBS='-L/home/tdudlak/BP/OpenWrt-SDK-15.05.1-ar71xx/staging_dir/target-mips_34kc_uClibc-0.9.33.2/usr/lib -lcrypto'
pkg_cv_zlib_CFLAGS=-I/home/tdudlak/BP/OpenWrt-SDK-15.05.1-ar71xx/staging_dir/target-mips_34kc_uClibc-0.9.33.2/usr/include
pkg_cv_zlib_LIBS='-L/home/tdudlak/BP/OpenWrt-SDK-15.05.1-ar71xx/staging_dir/target-mips_34kc_uClibc-0.9.33.2/usr/lib -lz'

## ----------------- ##
## Output variables. ##
## ----------------- ##

ACLOCAL='${SHELL} /home/tdudlak/BP/OpenWrt-SDK-15.05.1-ar71xx/build_dir/target-mips_34kc_uClibc-0.9.33.2/jose-7/missing aclocal-1.15'
AMDEPBACKSLASH='\'
AMDEP_FALSE='#'
AMDEP_TRUE=''
AMTAR='$${TAR-tar}'
AM_BACKSLASH='\'
AM_DEFAULT_V='0'
AM_DEFAULT_VERBOSITY='0'
AM_V='0'
AR='mips-openwrt-linux-uclibc-ar'
AUTOCONF='${SHELL} /home/tdudlak/BP/OpenWrt-SDK-15.05.1-ar71xx/build_dir/target-mips_34kc_uClibc-0.9.33.2/jose-7/missing autoconf'
AUTOHEADER='${SHELL} /home/tdudlak/BP/OpenWrt-SDK-15.05.1-ar71xx/build_dir/target-mips_34kc_uClibc-0.9.33.2/jose-7/missing autoheader'
AUTOMAKE='${SHELL} /home/tdudlak/BP/OpenWrt-SDK-15.05.1-ar71xx/build_dir/target-mips_34kc_uClibc-0.9.33.2/jose-7/missing automake-1.15'
AWK='gawk'
CC='mips-openwrt-linux-uclibc-gcc -std=gnu99'
CCDEPMODE='depmode=gcc3'
CFLAGS=''
CPP='mips-openwrt-linux-uclibc-gcc -std=gnu99 -E'
CPPFLAGS=''
CYGPATH_W='echo'
DEFS='-DPACKAGE_NAME=\"jose\" -DPACKAGE_TARNAME=\"jose\" -DPACKAGE_VERSION=\"7\" -DPACKAGE_STRING=\"jose\ 7\" -DPACKAGE_BUGREPORT=\"\" -DPACKAGE_URL=\"\" -DPACKAGE=\"jose\" -DVERSION=\"7\" -DSTDC_HEADERS=1 -DHAVE_SYS_TYPES_H=1 -DHAVE_SYS_STAT_H=1 -DHAVE_STDLIB_H=1 -DHAVE_STRING_H=1 -DHAVE_MEMORY_H=1 -DHAVE_STRINGS_H=1 -DHAVE_INTTYPES_H=1 -DHAVE_STDINT_H=1 -DHAVE_UNISTD_H=1 -DHAVE_DLFCN_H=1 -DLT_OBJDIR=\".libs/\" -DHAVE_LIBPTHREAD=1'
DEPDIR='.deps'
DLLTOOL='false'
DSYMUTIL=''
DUMPBIN=''
ECHO_C=''
ECHO_N='-n'
ECHO_T=''
EGREP='/home/tdudlak/BP/OpenWrt-SDK-15.05.1-ar71xx/staging_dir/host/bin/grep -E'
EXEEXT=''
FGREP='/home/tdudlak/BP/OpenWrt-SDK-15.05.1-ar71xx/staging_dir/host/bin/grep -F'
GREP='/home/tdudlak/BP/OpenWrt-SDK-15.05.1-ar71xx/staging_dir/host/bin/grep'
INSTALL_DATA='${INSTALL} -m 644'
INSTALL_PROGRAM='${INSTALL}'
INSTALL_SCRIPT='${INSTALL}'
INSTALL_STRIP_PROGRAM='$(install_sh) -c -s'
JOSE_CFLAGS='-Wall -Wextra -Werror -Wstrict-aliasing -Wchar-subscripts -Wformat-security -Wmissing-declarations -Wmissing-prototypes -Wnested-externs -Wpointer-arith -Wshadow -Wsign-compare -Wstrict-prototypes -Wtype-limits -Wunused-function -Wno-missing-field-initializers -Wno-unused-parameter '
LD='/home/tdudlak/BP/OpenWrt-SDK-15.05.1-ar71xx/staging_dir/toolchain-mips_34kc_gcc-4.8-linaro_uClibc-0.9.33.2/mips-openwrt-linux-uclibc/bin/ld'
LDFLAGS=''
LIBOBJS=''
LIBS='-lpthread '
LIBTOOL='$(SHELL) $(top_builddir)/libtool'
LIPO=''
LN_S='ln -s'
LTLIBOBJS=''
MAKEINFO='${SHELL} /home/tdudlak/BP/OpenWrt-SDK-15.05.1-ar71xx/build_dir/target-mips_34kc_uClibc-0.9.33.2/jose-7/missing makeinfo'
MANIFEST_TOOL=':'
MKDIR_P='/usr/bin/mkdir -p'
NM='/home/tdudlak/BP/OpenWrt-SDK-15.05.1-ar71xx/staging_dir/toolchain-mips_34kc_gcc-4.8-linaro_uClibc-0.9.33.2/bin/mips-openwrt-linux-uclibc-nm -B'
NMEDIT=''
OBJDUMP='mips-openwrt-linux-uclibc-objdump'
OBJEXT='o'
OTOOL64=''
OTOOL=''
PACKAGE='jose'
PACKAGE_BUGREPORT=''
PACKAGE_NAME='jose'
PACKAGE_STRING='jose 7'
PACKAGE_TARNAME='jose'
PACKAGE_URL=''
PACKAGE_VERSION='7'
PATH_SEPARATOR=':'
PKG_CONFIG='/home/tdudlak/BP/OpenWrt-SDK-15.05.1-ar71xx/staging_dir/host/bin/pkg-config'
PKG_CONFIG_LIBDIR='/home/tdudlak/BP/OpenWrt-SDK-15.05.1-ar71xx/staging_dir/target-mips_34kc_uClibc-0.9.33.2/usr/lib/pkgconfig:/home/tdudlak/BP/OpenWrt-SDK-15.05.1-ar71xx/staging_dir/target-mips_34kc_uClibc-0.9.33.2/usr/share/pkgconfig'
PKG_CONFIG_PATH='/home/tdudlak/BP/OpenWrt-SDK-15.05.1-ar71xx/staging_dir/target-mips_34kc_uClibc-0.9.33.2/usr/lib/pkgconfig:/home/tdudlak/BP/OpenWrt-SDK-15.05.1-ar71xx/staging_dir/target-mips_34kc_uClibc-0.9.33.2/usr/share/pkgconfig'
RANLIB='mips-openwrt-linux-uclibc-ranlib'
SED='/home/tdudlak/BP/OpenWrt-SDK-15.05.1-ar71xx/staging_dir/host/bin/sed'
SET_MAKE=''
SHELL='/bin/sh'
STRIP='mips-openwrt-linux-uclibc-strip'
USE_OPENSSL_FALSE='#'
USE_OPENSSL_TRUE=''
USE_ZLIB_FALSE='#'
USE_ZLIB_TRUE=''
VERSION='7'
ac_ct_AR=''
ac_ct_CC=''
ac_ct_DUMPBIN=''
am__EXEEXT_FALSE=''
am__EXEEXT_TRUE='#'
am__fastdepCC_FALSE='#'
am__fastdepCC_TRUE=''
am__include='include'
am__isrc=''
am__leading_dot='.'
am__nodep='_no'
am__quote=''
am__tar='$${TAR-tar} chof - "$$tardir"'
am__untar='$${TAR-tar} xf -'
bindir='${exec_prefix}/bin'
build='x86_64-unknown-linux-gnu'
build_alias=''
build_cpu='x86_64'
build_os='linux-gnu'
build_vendor='unknown'
datadir='${datarootdir}'
datarootdir='${prefix}/share'
docdir='${datarootdir}/doc/${PACKAGE_TARNAME}'
dvidir='${docdir}'
exec_prefix='${prefix}'
host='mips-openwrt-linux-uclibc'
host_alias='mips-openwrt-linux-uclibc'
host_cpu='mips'
host_os='linux-uclibc'
host_vendor='openwrt'
htmldir='${docdir}'
includedir='${prefix}/include'
infodir='${datarootdir}/info'
install_sh='${SHELL} /home/tdudlak/BP/OpenWrt-SDK-15.05.1-ar71xx/build_dir/target-mips_34kc_uClibc-0.9.33.2/jose-7/install-sh'
jansson_CFLAGS='-I/home/tdudlak/BP/OpenWrt-SDK-15.05.1-ar71xx/staging_dir/target-mips_34kc_uClibc-0.9.33.2/usr/include'
jansson_LIBS='-L/home/tdudlak/BP/OpenWrt-SDK-15.05.1-ar71xx/staging_dir/target-mips_34kc_uClibc-0.9.33.2/usr/lib -ljansson'
libcrypto_CFLAGS='-I/home/tdudlak/BP/OpenWrt-SDK-15.05.1-ar71xx/staging_dir/target-mips_34kc_uClibc-0.9.33.2/usr/include'
libcrypto_LIBS='-L/home/tdudlak/BP/OpenWrt-SDK-15.05.1-ar71xx/staging_dir/target-mips_34kc_uClibc-0.9.33.2/usr/lib -lcrypto'
libdir='${exec_prefix}/lib'
libexecdir='${exec_prefix}/libexec'
localedir='${datarootdir}/locale'
localstatedir='${prefix}/var'
mandir='${datarootdir}/man'
mkdir_p='$(MKDIR_P)'
oldincludedir='/usr/include'
pdfdir='${docdir}'
prefix='/usr'
program_transform_name='s,x,x,'
psdir='${docdir}'
sbindir='${exec_prefix}/sbin'
sharedstatedir='${prefix}/com'
sysconfdir='${prefix}/etc'
target='mips-openwrt-linux-uclibc'
target_alias=''
target_cpu='mips'
target_os='linux-uclibc'
target_vendor='openwrt'
zlib_CFLAGS='-I/home/tdudlak/BP/OpenWrt-SDK-15.05.1-ar71xx/staging_dir/target-mips_34kc_uClibc-0.9.33.2/usr/include'
zlib_LIBS='-L/home/tdudlak/BP/OpenWrt-SDK-15.05.1-ar71xx/staging_dir/target-mips_34kc_uClibc-0.9.33.2/usr/lib -lz'

## ----------- ##
## confdefs.h. ##
## ----------- ##

/* confdefs.h */
#define PACKAGE_NAME "jose"
#define PACKAGE_TARNAME "jose"
#define PACKAGE_VERSION "7"
#define PACKAGE_STRING "jose 7"
#define PACKAGE_BUGREPORT ""
#define PACKAGE_URL ""
#define PACKAGE "jose"
#define VERSION "7"
#define STDC_HEADERS 1
#define HAVE_SYS_TYPES_H 1
#define HAVE_SYS_STAT_H 1
#define HAVE_STDLIB_H 1
#define HAVE_STRING_H 1
#define HAVE_MEMORY_H 1
#define HAVE_STRINGS_H 1
#define HAVE_INTTYPES_H 1
#define HAVE_STDINT_H 1
#define HAVE_UNISTD_H 1
#define HAVE_DLFCN_H 1
#define LT_OBJDIR ".libs/"
#define HAVE_LIBPTHREAD 1

configure: exit 0
