--------------------
./configure --prefix=/usr --shared --uname=Linux
Sat May  6 17:11:19 CEST 2017
=== ztest25117.c ===
extern int getchar();
int hello() {return getchar();}
===
ccache_cc -c ztest25117.c
cc1: note: someone does not honour COPTS correctly, passed 0 times
... using gcc

Checking for obsessive-compulsive compiler options...
=== ztest25117.c ===
int foo() { return 0; }
===
ccache_cc -c -Os -pipe -mno-branch-likely -mips32r2 -mtune=34kc -fno-caller-saves -fhonour-copts -Wno-error=unused-but-set-variable -Wno-error=unused-result -msoft-float -mips16 -minterlink-mips16 -fpic ztest25117.c

Checking for shared library support...
=== ztest25117.c ===
extern int getchar();
int hello() {return getchar();}
===
ccache_cc -w -c -Os -pipe -mno-branch-likely -mips32r2 -mtune=34kc -fno-caller-saves -fhonour-copts -Wno-error=unused-but-set-variable -Wno-error=unused-result -msoft-float -mips16 -minterlink-mips16 -fpic -fPIC ztest25117.c
ccache_cc -shared -Wl,-soname,libz.so.1 -Os -pipe -mno-branch-likely -mips32r2 -mtune=34kc -fno-caller-saves -fhonour-copts -Wno-error=unused-but-set-variable -Wno-error=unused-result -msoft-float -mips16 -minterlink-mips16 -fpic -fPIC -o ztest25117.so ztest25117.o
Building shared library libz.so.1.2.8 with ccache_cc.

=== ztest25117.c ===
#include <sys/types.h>
off64_t dummy = 0;
===
ccache_cc -c -Os -pipe -mno-branch-likely -mips32r2 -mtune=34kc -fno-caller-saves -fhonour-copts -Wno-error=unused-but-set-variable -Wno-error=unused-result -msoft-float -mips16 -minterlink-mips16 -fpic -D_LARGEFILE64_SOURCE=1 ztest25117.c
Checking for off64_t... Yes.
Checking for fseeko... Yes.

=== ztest25117.c ===
#include <string.h>
#include <errno.h>
int main() { return strlen(strerror(errno)); }
===
ccache_cc -Os -pipe -mno-branch-likely -mips32r2 -mtune=34kc -fno-caller-saves -fhonour-copts -Wno-error=unused-but-set-variable -Wno-error=unused-result -msoft-float -mips16 -minterlink-mips16 -fpic -D_LARGEFILE64_SOURCE=1 -o ztest25117 ztest25117.c
Checking for strerror... Yes.

=== ztest25117.c ===
#include <unistd.h>
int main() { return 0; }
===
ccache_cc -c -Os -pipe -mno-branch-likely -mips32r2 -mtune=34kc -fno-caller-saves -fhonour-copts -Wno-error=unused-but-set-variable -Wno-error=unused-result -msoft-float -mips16 -minterlink-mips16 -fpic -D_LARGEFILE64_SOURCE=1 ztest25117.c
Checking for unistd.h... Yes.

=== ztest25117.c ===
#include <stdarg.h>
int main() { return 0; }
===
ccache_cc -c -Os -pipe -mno-branch-likely -mips32r2 -mtune=34kc -fno-caller-saves -fhonour-copts -Wno-error=unused-but-set-variable -Wno-error=unused-result -msoft-float -mips16 -minterlink-mips16 -fpic -D_LARGEFILE64_SOURCE=1 ztest25117.c
Checking for stdarg.h... Yes.

=== ztest25117.c ===
#include <stdio.h>
#include <stdarg.h>
#include "zconf.h"
int main()
{
#ifndef STDC
  choke me
#endif
  return 0;
}
===
ccache_cc -c -Os -pipe -mno-branch-likely -mips32r2 -mtune=34kc -fno-caller-saves -fhonour-copts -Wno-error=unused-but-set-variable -Wno-error=unused-result -msoft-float -mips16 -minterlink-mips16 -fpic -D_LARGEFILE64_SOURCE=1 ztest25117.c
Checking whether to use vs[n]printf() or s[n]printf()... using vs[n]printf().

=== ztest25117.c ===
#include <stdio.h>
#include <stdarg.h>
int mytest(const char *fmt, ...)
{
  char buf[20];
  va_list ap;
  va_start(ap, fmt);
  vsnprintf(buf, sizeof(buf), fmt, ap);
  va_end(ap);
  return 0;
}
int main()
{
  return (mytest("Hello%d\n", 1));
}
===
ccache_cc -Os -pipe -mno-branch-likely -mips32r2 -mtune=34kc -fno-caller-saves -fhonour-copts -Wno-error=unused-but-set-variable -Wno-error=unused-result -msoft-float -mips16 -minterlink-mips16 -fpic -D_LARGEFILE64_SOURCE=1 -o ztest25117 ztest25117.c
Checking for vsnprintf() in stdio.h... Yes.

=== ztest25117.c ===
#include <stdio.h>
#include <stdarg.h>
int mytest(const char *fmt, ...)
{
  int n;
  char buf[20];
  va_list ap;
  va_start(ap, fmt);
  n = vsnprintf(buf, sizeof(buf), fmt, ap);
  va_end(ap);
  return n;
}
int main()
{
  return (mytest("Hello%d\n", 1));
}
===
ccache_cc -c -Os -pipe -mno-branch-likely -mips32r2 -mtune=34kc -fno-caller-saves -fhonour-copts -Wno-error=unused-but-set-variable -Wno-error=unused-result -msoft-float -mips16 -minterlink-mips16 -fpic -D_LARGEFILE64_SOURCE=1 ztest25117.c
Checking for return value of vsnprintf()... Yes.

=== ztest25117.c ===
#define ZLIB_INTERNAL __attribute__((visibility ("hidden")))
int ZLIB_INTERNAL foo;
int main()
{
  return 0;
}
===
ccache_cc -c -Os -pipe -mno-branch-likely -mips32r2 -mtune=34kc -fno-caller-saves -fhonour-copts -Wno-error=unused-but-set-variable -Wno-error=unused-result -msoft-float -mips16 -minterlink-mips16 -fpic -D_LARGEFILE64_SOURCE=1 ztest25117.c
Checking for attribute(visibility) support... Yes.

ALL = static shared all64
AR = mips-openwrt-linux-uclibc-gcc-ar
ARFLAGS = rc
CC = ccache_cc
CFLAGS = -Os -pipe -mno-branch-likely -mips32r2 -mtune=34kc -fno-caller-saves -fhonour-copts -Wno-error=unused-but-set-variable -Wno-error=unused-result -msoft-float -mips16 -minterlink-mips16 -fpic -D_LARGEFILE64_SOURCE=1 -DHAVE_HIDDEN
CPP = ccache_cc -E
EXE =
LDCONFIG = ldconfig
LDFLAGS =
LDSHARED = ccache_cc -shared -Wl,-soname,libz.so.1
LDSHAREDLIBC = -lc
OBJC = $(OBJZ) $(OBJG)
PIC_OBJC = $(PIC_OBJZ) $(PIC_OBJG)
RANLIB = mips-openwrt-linux-uclibc-gcc-ranlib
SFLAGS = -Os -pipe -mno-branch-likely -mips32r2 -mtune=34kc -fno-caller-saves -fhonour-copts -Wno-error=unused-but-set-variable -Wno-error=unused-result -msoft-float -mips16 -minterlink-mips16 -fpic -fPIC -D_LARGEFILE64_SOURCE=1 -DHAVE_HIDDEN
SHAREDLIB = libz.so
SHAREDLIBM = libz.so.1
SHAREDLIBV = libz.so.1.2.8
STATICLIB = libz.a
TEST = all teststatic testshared test64
VER = 1.2.8
Z_U4 =
exec_prefix = ${prefix}
includedir = ${prefix}/include
libdir = ${exec_prefix}/lib
mandir = ${prefix}/share/man
prefix = /usr
sharedlibdir = ${libdir}
uname = Linux
--------------------


