This file contains any messages produced by compilers while
running configure, to aid debugging if configure makes a mistake.

It was created by tang configure 4, which was
generated by GNU Autoconf 2.69.  Invocation command line was

  $ ./configure --target=mips-openwrt-linux --host=mips-openwrt-linux --build=x86_64-redhat-linux --program-prefix= --program-suffix= --prefix=/usr --exec-prefix=/usr --bindir=/usr/bin --sbindir=/usr/sbin --libexecdir=/usr/lib --sysconfdir=/etc --datadir=/usr/share --localstatedir=/var --mandir=/usr/man --infodir=/usr/info --disable-nls

## --------- ##
## Platform. ##
## --------- ##

hostname = koalemos.brq.redhat.com
uname -m = x86_64
uname -r = 4.12.14-300.fc26.x86_64
uname -s = Linux
uname -v = #1 SMP Wed Sep 20 16:28:07 UTC 2017

/usr/bin/uname -p = x86_64
/bin/uname -X     = unknown

/bin/arch              = x86_64
/usr/bin/arch -k       = unknown
/usr/convex/getsysinfo = unknown
/usr/bin/hostinfo      = unknown
/bin/machine           = unknown
/usr/bin/oslevel       = unknown
/bin/universe          = unknown

PATH: /home/tdudlak/BP/OpenWrt-SDK-15.05.1-ar71xx/staging_dir/target-mips_34kc_uClibc-0.9.33.2/host/bin
PATH: /home/tdudlak/BP/OpenWrt-SDK-15.05.1-ar71xx/staging_dir/toolchain-mips_34kc_gcc-4.8-linaro_uClibc-0.9.33.2/bin
PATH: /home/tdudlak/BP/OpenWrt-SDK-15.05.1-ar71xx/staging_dir/toolchain-mips_34kc_gcc-4.8-linaro_uClibc-0.9.33.2/bin
PATH: /home/tdudlak/BP/OpenWrt-SDK-15.05.1-ar71xx/staging_dir/host/bin
PATH: /home/tdudlak/BP/OpenWrt-SDK-15.05.1-ar71xx/staging_dir/toolchain-mips_34kc_gcc-4.8-linaro_uClibc-0.9.33.2/bin
PATH: /home/tdudlak/BP/OpenWrt-SDK-15.05.1-ar71xx/staging_dir/host/bin
PATH: /home/tdudlak/BP/OpenWrt-SDK-15.05.1-ar71xx/staging_dir/host/bin
PATH: /usr/lib64/qt-3.3/bin
PATH: /usr/lib64/ccache
PATH: /usr/local/bin
PATH: /usr/local/sbin
PATH: /usr/bin
PATH: /usr/sbin
PATH: /home/tdudlak/bin


## ----------- ##
## Core tests. ##
## ----------- ##

configure:1814: loading site script /home/tdudlak/BP/OpenWrt-SDK-15.05.1-ar71xx/include/site/mips
| #!/bin/sh
| . $TOPDIR/include/site/linux
| ac_cv_c_littleendian=${ac_cv_c_littleendian=no}
| ac_cv_c_bigendian=${ac_cv_c_bigendian=yes}
| 
| ac_cv_sizeof___int64=0
| ac_cv_sizeof_char=1
| ac_cv_sizeof_int=4
| ac_cv_sizeof_int16_t=2
| ac_cv_sizeof_int32_t=4
| ac_cv_sizeof_int64_t=8
| ac_cv_sizeof_long_int=4
| ac_cv_sizeof_long_long=8
| ac_cv_sizeof_long=4
| ac_cv_sizeof_off_t=8
| ac_cv_sizeof_short_int=2
| ac_cv_sizeof_short=2
| ac_cv_sizeof_size_t=4
| ac_cv_sizeof_ssize_t=4
| ac_cv_sizeof_u_int16_t=2
| ac_cv_sizeof_u_int32_t=4
| ac_cv_sizeof_u_int64_t=8
| ac_cv_sizeof_uint16_t=2
| ac_cv_sizeof_uint32_t=4
| ac_cv_sizeof_uint64_t=8
| ac_cv_sizeof_unsigned_int=4
| ac_cv_sizeof_unsigned_long=4
| ac_cv_sizeof_unsigned_long_long=8
| ac_cv_sizeof_unsigned_short=2
| ac_cv_sizeof_void_p=4
configure:1943: checking build system type
configure:1957: result: x86_64-redhat-linux-gnu
configure:1977: checking host system type
configure:1990: result: mips-openwrt-linux-gnu
configure:2010: checking target system type
configure:2023: result: mips-openwrt-linux-gnu
configure:2061: checking for mips-openwrt-linux-gcc
configure:2088: result: ccache_cc
configure:2357: checking for C compiler version
configure:2366: ccache_cc --version >&5
mips-openwrt-linux-uclibc-gcc (OpenWrt/Linaro GCC 4.8-2014.04 r47269) 4.8.3
Copyright (C) 2013 Free Software Foundation, Inc.
This is free software; see the source for copying conditions.  There is NO
warranty; not even for MERCHANTABILITY or FITNESS FOR A PARTICULAR PURPOSE.

configure:2377: $? = 0
configure:2366: ccache_cc -v >&5
Reading specs from /home/tdudlak/BP/OpenWrt-SDK-15.05.1-ar71xx/staging_dir/toolchain-mips_34kc_gcc-4.8-linaro_uClibc-0.9.33.2/bin/../lib/gcc/mips-openwrt-linux-uclibc/4.8.3/specs
COLLECT_GCC=/home/tdudlak/BP/OpenWrt-SDK-15.05.1-ar71xx/staging_dir/toolchain-mips_34kc_gcc-4.8-linaro_uClibc-0.9.33.2/bin/mips-openwrt-linux-uclibc-gcc
COLLECT_LTO_WRAPPER=/home/tdudlak/BP/OpenWrt-SDK-15.05.1-ar71xx/staging_dir/toolchain-mips_34kc_gcc-4.8-linaro_uClibc-0.9.33.2/bin/../libexec/gcc/mips-openwrt-linux-uclibc/4.8.3/lto-wrapper
Target: mips-openwrt-linux-uclibc
Configured with: /home/buildbot/slave-local/ar71xx_generic/build/build_dir/toolchain-mips_34kc_gcc-4.8-linaro_uClibc-0.9.33.2/gcc-linaro-4.8-2014.04/configure --with-bugurl=https://dev.openwrt.org/ --with-pkgversion='OpenWrt/Linaro GCC 4.8-2014.04 r47269' --prefix=/home/buildbot/slave-local/ar71xx_generic/build/staging_dir/toolchain-mips_34kc_gcc-4.8-linaro_uClibc-0.9.33.2 --build=x86_64-linux-gnu --host=x86_64-linux-gnu --target=mips-openwrt-linux-uclibc --with-gnu-ld --enable-target-optspace --disable-libgomp --disable-libmudflap --disable-multilib --disable-nls --with-host-libstdcxx=-lstdc++ --with-float=soft --with-gmp=/home/buildbot/slave-local/ar71xx_generic/build/staging_dir/host --with-mpfr=/home/buildbot/slave-local/ar71xx_generic/build/staging_dir/host --with-mpc=/home/buildbot/slave-local/ar71xx_generic/build/staging_dir/host --disable-decimal-float --with-mips-plt --disable-libssp --disable-__cxa_atexit --with-headers=/home/buildbot/slave-local/ar71xx_generic/build/staging_dir/toolchain-mips_34kc_gcc-4.8-linaro_uClibc-0.9.33.2/include --disable-libsanitizer --enable-languages=c,c++ --enable-shared --enable-threads --with-slibdir=/home/buildbot/slave-local/ar71xx_generic/build/staging_dir/toolchain-mips_34kc_gcc-4.8-linaro_uClibc-0.9.33.2/lib
Thread model: posix
gcc version 4.8.3 (OpenWrt/Linaro GCC 4.8-2014.04 r47269) 
configure:2377: $? = 0
configure:2366: ccache_cc -V >&5
mips-openwrt-linux-uclibc-gcc: error: unrecognized command line option '-V'
mips-openwrt-linux-uclibc-gcc: fatal error: no input files
compilation terminated.
configure:2377: $? = 1
configure:2366: ccache_cc -qversion >&5
mips-openwrt-linux-uclibc-gcc: error: unrecognized command line option '-qversion'
mips-openwrt-linux-uclibc-gcc: fatal error: no input files
compilation terminated.
configure:2377: $? = 1
configure:2397: checking whether the C compiler works
configure:2419: ccache_cc -Os -pipe -mno-branch-likely -mips32r2 -mtune=34kc -fno-caller-saves -fhonour-copts -Wno-error=unused-but-set-variable -Wno-error=unused-result -msoft-float -mips16 -minterlink-mips16 -fpic -std=gnu99 -I/usr/include   -I/home/tdudlak/BP/OpenWrt-SDK-15.05.1-ar71xx/staging_dir/target-mips_34kc_uClibc-0.9.33.2/usr/include -I/home/tdudlak/BP/OpenWrt-SDK-15.05.1-ar71xx/staging_dir/target-mips_34kc_uClibc-0.9.33.2/include -I/home/tdudlak/BP/OpenWrt-SDK-15.05.1-ar71xx/staging_dir/toolchain-mips_34kc_gcc-4.8-linaro_uClibc-0.9.33.2/usr/include -I/home/tdudlak/BP/OpenWrt-SDK-15.05.1-ar71xx/staging_dir/toolchain-mips_34kc_gcc-4.8-linaro_uClibc-0.9.33.2/include  -L/home/tdudlak/BP/OpenWrt-SDK-15.05.1-ar71xx/staging_dir/target-mips_34kc_uClibc-0.9.33.2/usr/lib -L/home/tdudlak/BP/OpenWrt-SDK-15.05.1-ar71xx/staging_dir/target-mips_34kc_uClibc-0.9.33.2/lib -L/home/tdudlak/BP/OpenWrt-SDK-15.05.1-ar71xx/staging_dir/toolchain-mips_34kc_gcc-4.8-linaro_uClibc-0.9.33.2/usr/lib -L/home/tdudlak/BP/OpenWrt-SDK-15.05.1-ar71xx/staging_dir/toolchain-mips_34kc_gcc-4.8-linaro_uClibc-0.9.33.2/lib -Wl,-rpath-link=/usr/lib  conftest.c  >&5
configure:2423: $? = 0
configure:2471: result: yes
configure:2474: checking for C compiler default output file name
configure:2476: result: a.out
configure:2482: checking for suffix of executables
configure:2489: ccache_cc -o conftest -Os -pipe -mno-branch-likely -mips32r2 -mtune=34kc -fno-caller-saves -fhonour-copts -Wno-error=unused-but-set-variable -Wno-error=unused-result -msoft-float -mips16 -minterlink-mips16 -fpic -std=gnu99 -I/usr/include   -I/home/tdudlak/BP/OpenWrt-SDK-15.05.1-ar71xx/staging_dir/target-mips_34kc_uClibc-0.9.33.2/usr/include -I/home/tdudlak/BP/OpenWrt-SDK-15.05.1-ar71xx/staging_dir/target-mips_34kc_uClibc-0.9.33.2/include -I/home/tdudlak/BP/OpenWrt-SDK-15.05.1-ar71xx/staging_dir/toolchain-mips_34kc_gcc-4.8-linaro_uClibc-0.9.33.2/usr/include -I/home/tdudlak/BP/OpenWrt-SDK-15.05.1-ar71xx/staging_dir/toolchain-mips_34kc_gcc-4.8-linaro_uClibc-0.9.33.2/include  -L/home/tdudlak/BP/OpenWrt-SDK-15.05.1-ar71xx/staging_dir/target-mips_34kc_uClibc-0.9.33.2/usr/lib -L/home/tdudlak/BP/OpenWrt-SDK-15.05.1-ar71xx/staging_dir/target-mips_34kc_uClibc-0.9.33.2/lib -L/home/tdudlak/BP/OpenWrt-SDK-15.05.1-ar71xx/staging_dir/toolchain-mips_34kc_gcc-4.8-linaro_uClibc-0.9.33.2/usr/lib -L/home/tdudlak/BP/OpenWrt-SDK-15.05.1-ar71xx/staging_dir/toolchain-mips_34kc_gcc-4.8-linaro_uClibc-0.9.33.2/lib -Wl,-rpath-link=/usr/lib  conftest.c  >&5
configure:2493: $? = 0
configure:2515: result: 
configure:2537: checking whether we are cross compiling
configure:2575: result: yes
configure:2580: checking for suffix of object files
configure:2602: ccache_cc -c -Os -pipe -mno-branch-likely -mips32r2 -mtune=34kc -fno-caller-saves -fhonour-copts -Wno-error=unused-but-set-variable -Wno-error=unused-result -msoft-float -mips16 -minterlink-mips16 -fpic -std=gnu99 -I/usr/include   -I/home/tdudlak/BP/OpenWrt-SDK-15.05.1-ar71xx/staging_dir/target-mips_34kc_uClibc-0.9.33.2/usr/include -I/home/tdudlak/BP/OpenWrt-SDK-15.05.1-ar71xx/staging_dir/target-mips_34kc_uClibc-0.9.33.2/include -I/home/tdudlak/BP/OpenWrt-SDK-15.05.1-ar71xx/staging_dir/toolchain-mips_34kc_gcc-4.8-linaro_uClibc-0.9.33.2/usr/include -I/home/tdudlak/BP/OpenWrt-SDK-15.05.1-ar71xx/staging_dir/toolchain-mips_34kc_gcc-4.8-linaro_uClibc-0.9.33.2/include  conftest.c >&5
configure:2606: $? = 0
configure:2627: result: o
configure:2631: checking whether we are using the GNU C compiler
configure:2650: ccache_cc -c -Os -pipe -mno-branch-likely -mips32r2 -mtune=34kc -fno-caller-saves -fhonour-copts -Wno-error=unused-but-set-variable -Wno-error=unused-result -msoft-float -mips16 -minterlink-mips16 -fpic -std=gnu99 -I/usr/include   -I/home/tdudlak/BP/OpenWrt-SDK-15.05.1-ar71xx/staging_dir/target-mips_34kc_uClibc-0.9.33.2/usr/include -I/home/tdudlak/BP/OpenWrt-SDK-15.05.1-ar71xx/staging_dir/target-mips_34kc_uClibc-0.9.33.2/include -I/home/tdudlak/BP/OpenWrt-SDK-15.05.1-ar71xx/staging_dir/toolchain-mips_34kc_gcc-4.8-linaro_uClibc-0.9.33.2/usr/include -I/home/tdudlak/BP/OpenWrt-SDK-15.05.1-ar71xx/staging_dir/toolchain-mips_34kc_gcc-4.8-linaro_uClibc-0.9.33.2/include  conftest.c >&5
configure:2650: $? = 0
configure:2659: result: yes
configure:2668: checking whether ccache_cc accepts -g
configure:2688: ccache_cc -c -g -I/home/tdudlak/BP/OpenWrt-SDK-15.05.1-ar71xx/staging_dir/target-mips_34kc_uClibc-0.9.33.2/usr/include -I/home/tdudlak/BP/OpenWrt-SDK-15.05.1-ar71xx/staging_dir/target-mips_34kc_uClibc-0.9.33.2/include -I/home/tdudlak/BP/OpenWrt-SDK-15.05.1-ar71xx/staging_dir/toolchain-mips_34kc_gcc-4.8-linaro_uClibc-0.9.33.2/usr/include -I/home/tdudlak/BP/OpenWrt-SDK-15.05.1-ar71xx/staging_dir/toolchain-mips_34kc_gcc-4.8-linaro_uClibc-0.9.33.2/include  conftest.c >&5
cc1: note: someone does not honour COPTS correctly, passed 0 times
configure:2688: $? = 0
configure: failed program was:
| /* confdefs.h */
| #define PACKAGE_NAME "tang"
| #define PACKAGE_TARNAME "tang"
| #define PACKAGE_VERSION "4"
| #define PACKAGE_STRING "tang 4"
| #define PACKAGE_BUGREPORT ""
| #define PACKAGE_URL ""
| /* end confdefs.h.  */
| 
| int
| main ()
| {
| 
|   ;
|   return 0;
| }
configure:2703: ccache_cc -c  -I/home/tdudlak/BP/OpenWrt-SDK-15.05.1-ar71xx/staging_dir/target-mips_34kc_uClibc-0.9.33.2/usr/include -I/home/tdudlak/BP/OpenWrt-SDK-15.05.1-ar71xx/staging_dir/target-mips_34kc_uClibc-0.9.33.2/include -I/home/tdudlak/BP/OpenWrt-SDK-15.05.1-ar71xx/staging_dir/toolchain-mips_34kc_gcc-4.8-linaro_uClibc-0.9.33.2/usr/include -I/home/tdudlak/BP/OpenWrt-SDK-15.05.1-ar71xx/staging_dir/toolchain-mips_34kc_gcc-4.8-linaro_uClibc-0.9.33.2/include  conftest.c >&5
cc1: note: someone does not honour COPTS correctly, passed 0 times
configure:2703: $? = 0
configure: failed program was:
| /* confdefs.h */
| #define PACKAGE_NAME "tang"
| #define PACKAGE_TARNAME "tang"
| #define PACKAGE_VERSION "4"
| #define PACKAGE_STRING "tang 4"
| #define PACKAGE_BUGREPORT ""
| #define PACKAGE_URL ""
| /* end confdefs.h.  */
| 
| int
| main ()
| {
| 
|   ;
|   return 0;
| }
configure:2719: ccache_cc -c -g -I/home/tdudlak/BP/OpenWrt-SDK-15.05.1-ar71xx/staging_dir/target-mips_34kc_uClibc-0.9.33.2/usr/include -I/home/tdudlak/BP/OpenWrt-SDK-15.05.1-ar71xx/staging_dir/target-mips_34kc_uClibc-0.9.33.2/include -I/home/tdudlak/BP/OpenWrt-SDK-15.05.1-ar71xx/staging_dir/toolchain-mips_34kc_gcc-4.8-linaro_uClibc-0.9.33.2/usr/include -I/home/tdudlak/BP/OpenWrt-SDK-15.05.1-ar71xx/staging_dir/toolchain-mips_34kc_gcc-4.8-linaro_uClibc-0.9.33.2/include  conftest.c >&5
cc1: note: someone does not honour COPTS correctly, passed 0 times
configure:2719: $? = 0
configure:2729: result: yes
configure:2746: checking for ccache_cc option to accept ISO C89
configure:2809: ccache_cc  -c -Os -pipe -mno-branch-likely -mips32r2 -mtune=34kc -fno-caller-saves -fhonour-copts -Wno-error=unused-but-set-variable -Wno-error=unused-result -msoft-float -mips16 -minterlink-mips16 -fpic -std=gnu99 -I/usr/include   -I/home/tdudlak/BP/OpenWrt-SDK-15.05.1-ar71xx/staging_dir/target-mips_34kc_uClibc-0.9.33.2/usr/include -I/home/tdudlak/BP/OpenWrt-SDK-15.05.1-ar71xx/staging_dir/target-mips_34kc_uClibc-0.9.33.2/include -I/home/tdudlak/BP/OpenWrt-SDK-15.05.1-ar71xx/staging_dir/toolchain-mips_34kc_gcc-4.8-linaro_uClibc-0.9.33.2/usr/include -I/home/tdudlak/BP/OpenWrt-SDK-15.05.1-ar71xx/staging_dir/toolchain-mips_34kc_gcc-4.8-linaro_uClibc-0.9.33.2/include  conftest.c >&5
In file included from /usr/include/features.h:434:0,
                 from /usr/include/bits/libc-header-start.h:33,
                 from /usr/include/stdio.h:28,
                 from conftest.c:10:
/usr/include/gnu/stubs.h:7:27: fatal error: gnu/stubs-32.h: No such file or directory
 # include <gnu/stubs-32.h>
                           ^
compilation terminated.
configure:2809: $? = 1
configure: failed program was:
| /* confdefs.h */
| #define PACKAGE_NAME "tang"
| #define PACKAGE_TARNAME "tang"
| #define PACKAGE_VERSION "4"
| #define PACKAGE_STRING "tang 4"
| #define PACKAGE_BUGREPORT ""
| #define PACKAGE_URL ""
| /* end confdefs.h.  */
| #include <stdarg.h>
| #include <stdio.h>
| struct stat;
| /* Most of the following tests are stolen from RCS 5.7's src/conf.sh.  */
| struct buf { int x; };
| FILE * (*rcsopen) (struct buf *, struct stat *, int);
| static char *e (p, i)
|      char **p;
|      int i;
| {
|   return p[i];
| }
| static char *f (char * (*g) (char **, int), char **p, ...)
| {
|   char *s;
|   va_list v;
|   va_start (v,p);
|   s = g (p, va_arg (v,int));
|   va_end (v);
|   return s;
| }
| 
| /* OSF 4.0 Compaq cc is some sort of almost-ANSI by default.  It has
|    function prototypes and stuff, but not '\xHH' hex character constants.
|    These don't provoke an error unfortunately, instead are silently treated
|    as 'x'.  The following induces an error, until -std is added to get
|    proper ANSI mode.  Curiously '\x00'!='x' always comes out true, for an
|    array size at least.  It's necessary to write '\x00'==0 to get something
|    that's true only with -std.  */
| int osf4_cc_array ['\x00' == 0 ? 1 : -1];
| 
| /* IBM C 6 for AIX is almost-ANSI by default, but it replaces macro parameters
|    inside strings and character constants.  */
| #define FOO(x) 'x'
| int xlc6_cc_array[FOO(a) == 'x' ? 1 : -1];
| 
| int test (int i, double x);
| struct s1 {int (*f) (int a);};
| struct s2 {int (*f) (double a);};
| int pairnames (int, char **, FILE *(*)(struct buf *, struct stat *, int), int, int);
| int argc;
| char **argv;
| int
| main ()
| {
| return f (e, argv, 0) != argv[0]  ||  f (e, argv, 1) != argv[1];
|   ;
|   return 0;
| }
configure:2809: ccache_cc -qlanglvl=extc89 -c -Os -pipe -mno-branch-likely -mips32r2 -mtune=34kc -fno-caller-saves -fhonour-copts -Wno-error=unused-but-set-variable -Wno-error=unused-result -msoft-float -mips16 -minterlink-mips16 -fpic -std=gnu99 -I/usr/include   -I/home/tdudlak/BP/OpenWrt-SDK-15.05.1-ar71xx/staging_dir/target-mips_34kc_uClibc-0.9.33.2/usr/include -I/home/tdudlak/BP/OpenWrt-SDK-15.05.1-ar71xx/staging_dir/target-mips_34kc_uClibc-0.9.33.2/include -I/home/tdudlak/BP/OpenWrt-SDK-15.05.1-ar71xx/staging_dir/toolchain-mips_34kc_gcc-4.8-linaro_uClibc-0.9.33.2/usr/include -I/home/tdudlak/BP/OpenWrt-SDK-15.05.1-ar71xx/staging_dir/toolchain-mips_34kc_gcc-4.8-linaro_uClibc-0.9.33.2/include  conftest.c >&5
mips-openwrt-linux-uclibc-gcc: error: unrecognized command line option '-qlanglvl=extc89'
configure:2809: $? = 1
configure: failed program was:
| /* confdefs.h */
| #define PACKAGE_NAME "tang"
| #define PACKAGE_TARNAME "tang"
| #define PACKAGE_VERSION "4"
| #define PACKAGE_STRING "tang 4"
| #define PACKAGE_BUGREPORT ""
| #define PACKAGE_URL ""
| /* end confdefs.h.  */
| #include <stdarg.h>
| #include <stdio.h>
| struct stat;
| /* Most of the following tests are stolen from RCS 5.7's src/conf.sh.  */
| struct buf { int x; };
| FILE * (*rcsopen) (struct buf *, struct stat *, int);
| static char *e (p, i)
|      char **p;
|      int i;
| {
|   return p[i];
| }
| static char *f (char * (*g) (char **, int), char **p, ...)
| {
|   char *s;
|   va_list v;
|   va_start (v,p);
|   s = g (p, va_arg (v,int));
|   va_end (v);
|   return s;
| }
| 
| /* OSF 4.0 Compaq cc is some sort of almost-ANSI by default.  It has
|    function prototypes and stuff, but not '\xHH' hex character constants.
|    These don't provoke an error unfortunately, instead are silently treated
|    as 'x'.  The following induces an error, until -std is added to get
|    proper ANSI mode.  Curiously '\x00'!='x' always comes out true, for an
|    array size at least.  It's necessary to write '\x00'==0 to get something
|    that's true only with -std.  */
| int osf4_cc_array ['\x00' == 0 ? 1 : -1];
| 
| /* IBM C 6 for AIX is almost-ANSI by default, but it replaces macro parameters
|    inside strings and character constants.  */
| #define FOO(x) 'x'
| int xlc6_cc_array[FOO(a) == 'x' ? 1 : -1];
| 
| int test (int i, double x);
| struct s1 {int (*f) (int a);};
| struct s2 {int (*f) (double a);};
| int pairnames (int, char **, FILE *(*)(struct buf *, struct stat *, int), int, int);
| int argc;
| char **argv;
| int
| main ()
| {
| return f (e, argv, 0) != argv[0]  ||  f (e, argv, 1) != argv[1];
|   ;
|   return 0;
| }
configure:2809: ccache_cc -qlanglvl=ansi -c -Os -pipe -mno-branch-likely -mips32r2 -mtune=34kc -fno-caller-saves -fhonour-copts -Wno-error=unused-but-set-variable -Wno-error=unused-result -msoft-float -mips16 -minterlink-mips16 -fpic -std=gnu99 -I/usr/include   -I/home/tdudlak/BP/OpenWrt-SDK-15.05.1-ar71xx/staging_dir/target-mips_34kc_uClibc-0.9.33.2/usr/include -I/home/tdudlak/BP/OpenWrt-SDK-15.05.1-ar71xx/staging_dir/target-mips_34kc_uClibc-0.9.33.2/include -I/home/tdudlak/BP/OpenWrt-SDK-15.05.1-ar71xx/staging_dir/toolchain-mips_34kc_gcc-4.8-linaro_uClibc-0.9.33.2/usr/include -I/home/tdudlak/BP/OpenWrt-SDK-15.05.1-ar71xx/staging_dir/toolchain-mips_34kc_gcc-4.8-linaro_uClibc-0.9.33.2/include  conftest.c >&5
mips-openwrt-linux-uclibc-gcc: error: unrecognized command line option '-qlanglvl=ansi'
configure:2809: $? = 1
configure: failed program was:
| /* confdefs.h */
| #define PACKAGE_NAME "tang"
| #define PACKAGE_TARNAME "tang"
| #define PACKAGE_VERSION "4"
| #define PACKAGE_STRING "tang 4"
| #define PACKAGE_BUGREPORT ""
| #define PACKAGE_URL ""
| /* end confdefs.h.  */
| #include <stdarg.h>
| #include <stdio.h>
| struct stat;
| /* Most of the following tests are stolen from RCS 5.7's src/conf.sh.  */
| struct buf { int x; };
| FILE * (*rcsopen) (struct buf *, struct stat *, int);
| static char *e (p, i)
|      char **p;
|      int i;
| {
|   return p[i];
| }
| static char *f (char * (*g) (char **, int), char **p, ...)
| {
|   char *s;
|   va_list v;
|   va_start (v,p);
|   s = g (p, va_arg (v,int));
|   va_end (v);
|   return s;
| }
| 
| /* OSF 4.0 Compaq cc is some sort of almost-ANSI by default.  It has
|    function prototypes and stuff, but not '\xHH' hex character constants.
|    These don't provoke an error unfortunately, instead are silently treated
|    as 'x'.  The following induces an error, until -std is added to get
|    proper ANSI mode.  Curiously '\x00'!='x' always comes out true, for an
|    array size at least.  It's necessary to write '\x00'==0 to get something
|    that's true only with -std.  */
| int osf4_cc_array ['\x00' == 0 ? 1 : -1];
| 
| /* IBM C 6 for AIX is almost-ANSI by default, but it replaces macro parameters
|    inside strings and character constants.  */
| #define FOO(x) 'x'
| int xlc6_cc_array[FOO(a) == 'x' ? 1 : -1];
| 
| int test (int i, double x);
| struct s1 {int (*f) (int a);};
| struct s2 {int (*f) (double a);};
| int pairnames (int, char **, FILE *(*)(struct buf *, struct stat *, int), int, int);
| int argc;
| char **argv;
| int
| main ()
| {
| return f (e, argv, 0) != argv[0]  ||  f (e, argv, 1) != argv[1];
|   ;
|   return 0;
| }
configure:2809: ccache_cc -std -c -Os -pipe -mno-branch-likely -mips32r2 -mtune=34kc -fno-caller-saves -fhonour-copts -Wno-error=unused-but-set-variable -Wno-error=unused-result -msoft-float -mips16 -minterlink-mips16 -fpic -std=gnu99 -I/usr/include   -I/home/tdudlak/BP/OpenWrt-SDK-15.05.1-ar71xx/staging_dir/target-mips_34kc_uClibc-0.9.33.2/usr/include -I/home/tdudlak/BP/OpenWrt-SDK-15.05.1-ar71xx/staging_dir/target-mips_34kc_uClibc-0.9.33.2/include -I/home/tdudlak/BP/OpenWrt-SDK-15.05.1-ar71xx/staging_dir/toolchain-mips_34kc_gcc-4.8-linaro_uClibc-0.9.33.2/usr/include -I/home/tdudlak/BP/OpenWrt-SDK-15.05.1-ar71xx/staging_dir/toolchain-mips_34kc_gcc-4.8-linaro_uClibc-0.9.33.2/include  conftest.c >&5
mips-openwrt-linux-uclibc-gcc: error: unrecognized command line option '-std'
configure:2809: $? = 1
configure: failed program was:
| /* confdefs.h */
| #define PACKAGE_NAME "tang"
| #define PACKAGE_TARNAME "tang"
| #define PACKAGE_VERSION "4"
| #define PACKAGE_STRING "tang 4"
| #define PACKAGE_BUGREPORT ""
| #define PACKAGE_URL ""
| /* end confdefs.h.  */
| #include <stdarg.h>
| #include <stdio.h>
| struct stat;
| /* Most of the following tests are stolen from RCS 5.7's src/conf.sh.  */
| struct buf { int x; };
| FILE * (*rcsopen) (struct buf *, struct stat *, int);
| static char *e (p, i)
|      char **p;
|      int i;
| {
|   return p[i];
| }
| static char *f (char * (*g) (char **, int), char **p, ...)
| {
|   char *s;
|   va_list v;
|   va_start (v,p);
|   s = g (p, va_arg (v,int));
|   va_end (v);
|   return s;
| }
| 
| /* OSF 4.0 Compaq cc is some sort of almost-ANSI by default.  It has
|    function prototypes and stuff, but not '\xHH' hex character constants.
|    These don't provoke an error unfortunately, instead are silently treated
|    as 'x'.  The following induces an error, until -std is added to get
|    proper ANSI mode.  Curiously '\x00'!='x' always comes out true, for an
|    array size at least.  It's necessary to write '\x00'==0 to get something
|    that's true only with -std.  */
| int osf4_cc_array ['\x00' == 0 ? 1 : -1];
| 
| /* IBM C 6 for AIX is almost-ANSI by default, but it replaces macro parameters
|    inside strings and character constants.  */
| #define FOO(x) 'x'
| int xlc6_cc_array[FOO(a) == 'x' ? 1 : -1];
| 
| int test (int i, double x);
| struct s1 {int (*f) (int a);};
| struct s2 {int (*f) (double a);};
| int pairnames (int, char **, FILE *(*)(struct buf *, struct stat *, int), int, int);
| int argc;
| char **argv;
| int
| main ()
| {
| return f (e, argv, 0) != argv[0]  ||  f (e, argv, 1) != argv[1];
|   ;
|   return 0;
| }
configure:2809: ccache_cc -Ae -c -Os -pipe -mno-branch-likely -mips32r2 -mtune=34kc -fno-caller-saves -fhonour-copts -Wno-error=unused-but-set-variable -Wno-error=unused-result -msoft-float -mips16 -minterlink-mips16 -fpic -std=gnu99 -I/usr/include   -I/home/tdudlak/BP/OpenWrt-SDK-15.05.1-ar71xx/staging_dir/target-mips_34kc_uClibc-0.9.33.2/usr/include -I/home/tdudlak/BP/OpenWrt-SDK-15.05.1-ar71xx/staging_dir/target-mips_34kc_uClibc-0.9.33.2/include -I/home/tdudlak/BP/OpenWrt-SDK-15.05.1-ar71xx/staging_dir/toolchain-mips_34kc_gcc-4.8-linaro_uClibc-0.9.33.2/usr/include -I/home/tdudlak/BP/OpenWrt-SDK-15.05.1-ar71xx/staging_dir/toolchain-mips_34kc_gcc-4.8-linaro_uClibc-0.9.33.2/include  conftest.c >&5
<command-line>:0:1: error: missing '(' after predicate
In file included from /usr/include/features.h:434:0,
                 from /usr/include/bits/libc-header-start.h:33,
                 from /usr/include/stdio.h:28,
                 from conftest.c:10:
/usr/include/gnu/stubs.h:7:27: fatal error: gnu/stubs-32.h: No such file or directory
 # include <gnu/stubs-32.h>
                           ^
compilation terminated.
configure:2809: $? = 1
configure: failed program was:
| /* confdefs.h */
| #define PACKAGE_NAME "tang"
| #define PACKAGE_TARNAME "tang"
| #define PACKAGE_VERSION "4"
| #define PACKAGE_STRING "tang 4"
| #define PACKAGE_BUGREPORT ""
| #define PACKAGE_URL ""
| /* end confdefs.h.  */
| #include <stdarg.h>
| #include <stdio.h>
| struct stat;
| /* Most of the following tests are stolen from RCS 5.7's src/conf.sh.  */
| struct buf { int x; };
| FILE * (*rcsopen) (struct buf *, struct stat *, int);
| static char *e (p, i)
|      char **p;
|      int i;
| {
|   return p[i];
| }
| static char *f (char * (*g) (char **, int), char **p, ...)
| {
|   char *s;
|   va_list v;
|   va_start (v,p);
|   s = g (p, va_arg (v,int));
|   va_end (v);
|   return s;
| }
| 
| /* OSF 4.0 Compaq cc is some sort of almost-ANSI by default.  It has
|    function prototypes and stuff, but not '\xHH' hex character constants.
|    These don't provoke an error unfortunately, instead are silently treated
|    as 'x'.  The following induces an error, until -std is added to get
|    proper ANSI mode.  Curiously '\x00'!='x' always comes out true, for an
|    array size at least.  It's necessary to write '\x00'==0 to get something
|    that's true only with -std.  */
| int osf4_cc_array ['\x00' == 0 ? 1 : -1];
| 
| /* IBM C 6 for AIX is almost-ANSI by default, but it replaces macro parameters
|    inside strings and character constants.  */
| #define FOO(x) 'x'
| int xlc6_cc_array[FOO(a) == 'x' ? 1 : -1];
| 
| int test (int i, double x);
| struct s1 {int (*f) (int a);};
| struct s2 {int (*f) (double a);};
| int pairnames (int, char **, FILE *(*)(struct buf *, struct stat *, int), int, int);
| int argc;
| char **argv;
| int
| main ()
| {
| return f (e, argv, 0) != argv[0]  ||  f (e, argv, 1) != argv[1];
|   ;
|   return 0;
| }
configure:2809: ccache_cc -Aa -D_HPUX_SOURCE -c -Os -pipe -mno-branch-likely -mips32r2 -mtune=34kc -fno-caller-saves -fhonour-copts -Wno-error=unused-but-set-variable -Wno-error=unused-result -msoft-float -mips16 -minterlink-mips16 -fpic -std=gnu99 -I/usr/include   -I/home/tdudlak/BP/OpenWrt-SDK-15.05.1-ar71xx/staging_dir/target-mips_34kc_uClibc-0.9.33.2/usr/include -I/home/tdudlak/BP/OpenWrt-SDK-15.05.1-ar71xx/staging_dir/target-mips_34kc_uClibc-0.9.33.2/include -I/home/tdudlak/BP/OpenWrt-SDK-15.05.1-ar71xx/staging_dir/toolchain-mips_34kc_gcc-4.8-linaro_uClibc-0.9.33.2/usr/include -I/home/tdudlak/BP/OpenWrt-SDK-15.05.1-ar71xx/staging_dir/toolchain-mips_34kc_gcc-4.8-linaro_uClibc-0.9.33.2/include  conftest.c >&5
<command-line>:0:1: error: missing '(' after predicate
In file included from /usr/include/features.h:434:0,
                 from /usr/include/bits/libc-header-start.h:33,
                 from /usr/include/stdio.h:28,
                 from conftest.c:10:
/usr/include/gnu/stubs.h:7:27: fatal error: gnu/stubs-32.h: No such file or directory
 # include <gnu/stubs-32.h>
                           ^
compilation terminated.
configure:2809: $? = 1
configure: failed program was:
| /* confdefs.h */
| #define PACKAGE_NAME "tang"
| #define PACKAGE_TARNAME "tang"
| #define PACKAGE_VERSION "4"
| #define PACKAGE_STRING "tang 4"
| #define PACKAGE_BUGREPORT ""
| #define PACKAGE_URL ""
| /* end confdefs.h.  */
| #include <stdarg.h>
| #include <stdio.h>
| struct stat;
| /* Most of the following tests are stolen from RCS 5.7's src/conf.sh.  */
| struct buf { int x; };
| FILE * (*rcsopen) (struct buf *, struct stat *, int);
| static char *e (p, i)
|      char **p;
|      int i;
| {
|   return p[i];
| }
| static char *f (char * (*g) (char **, int), char **p, ...)
| {
|   char *s;
|   va_list v;
|   va_start (v,p);
|   s = g (p, va_arg (v,int));
|   va_end (v);
|   return s;
| }
| 
| /* OSF 4.0 Compaq cc is some sort of almost-ANSI by default.  It has
|    function prototypes and stuff, but not '\xHH' hex character constants.
|    These don't provoke an error unfortunately, instead are silently treated
|    as 'x'.  The following induces an error, until -std is added to get
|    proper ANSI mode.  Curiously '\x00'!='x' always comes out true, for an
|    array size at least.  It's necessary to write '\x00'==0 to get something
|    that's true only with -std.  */
| int osf4_cc_array ['\x00' == 0 ? 1 : -1];
| 
| /* IBM C 6 for AIX is almost-ANSI by default, but it replaces macro parameters
|    inside strings and character constants.  */
| #define FOO(x) 'x'
| int xlc6_cc_array[FOO(a) == 'x' ? 1 : -1];
| 
| int test (int i, double x);
| struct s1 {int (*f) (int a);};
| struct s2 {int (*f) (double a);};
| int pairnames (int, char **, FILE *(*)(struct buf *, struct stat *, int), int, int);
| int argc;
| char **argv;
| int
| main ()
| {
| return f (e, argv, 0) != argv[0]  ||  f (e, argv, 1) != argv[1];
|   ;
|   return 0;
| }
configure:2809: ccache_cc -Xc -D__EXTENSIONS__ -c -Os -pipe -mno-branch-likely -mips32r2 -mtune=34kc -fno-caller-saves -fhonour-copts -Wno-error=unused-but-set-variable -Wno-error=unused-result -msoft-float -mips16 -minterlink-mips16 -fpic -std=gnu99 -I/usr/include   -I/home/tdudlak/BP/OpenWrt-SDK-15.05.1-ar71xx/staging_dir/target-mips_34kc_uClibc-0.9.33.2/usr/include -I/home/tdudlak/BP/OpenWrt-SDK-15.05.1-ar71xx/staging_dir/target-mips_34kc_uClibc-0.9.33.2/include -I/home/tdudlak/BP/OpenWrt-SDK-15.05.1-ar71xx/staging_dir/toolchain-mips_34kc_gcc-4.8-linaro_uClibc-0.9.33.2/usr/include -I/home/tdudlak/BP/OpenWrt-SDK-15.05.1-ar71xx/staging_dir/toolchain-mips_34kc_gcc-4.8-linaro_uClibc-0.9.33.2/include  conftest.c >&5
mips-openwrt-linux-uclibc-gcc: error: unrecognized command line option '-Xc'
configure:2809: $? = 1
configure: failed program was:
| /* confdefs.h */
| #define PACKAGE_NAME "tang"
| #define PACKAGE_TARNAME "tang"
| #define PACKAGE_VERSION "4"
| #define PACKAGE_STRING "tang 4"
| #define PACKAGE_BUGREPORT ""
| #define PACKAGE_URL ""
| /* end confdefs.h.  */
| #include <stdarg.h>
| #include <stdio.h>
| struct stat;
| /* Most of the following tests are stolen from RCS 5.7's src/conf.sh.  */
| struct buf { int x; };
| FILE * (*rcsopen) (struct buf *, struct stat *, int);
| static char *e (p, i)
|      char **p;
|      int i;
| {
|   return p[i];
| }
| static char *f (char * (*g) (char **, int), char **p, ...)
| {
|   char *s;
|   va_list v;
|   va_start (v,p);
|   s = g (p, va_arg (v,int));
|   va_end (v);
|   return s;
| }
| 
| /* OSF 4.0 Compaq cc is some sort of almost-ANSI by default.  It has
|    function prototypes and stuff, but not '\xHH' hex character constants.
|    These don't provoke an error unfortunately, instead are silently treated
|    as 'x'.  The following induces an error, until -std is added to get
|    proper ANSI mode.  Curiously '\x00'!='x' always comes out true, for an
|    array size at least.  It's necessary to write '\x00'==0 to get something
|    that's true only with -std.  */
| int osf4_cc_array ['\x00' == 0 ? 1 : -1];
| 
| /* IBM C 6 for AIX is almost-ANSI by default, but it replaces macro parameters
|    inside strings and character constants.  */
| #define FOO(x) 'x'
| int xlc6_cc_array[FOO(a) == 'x' ? 1 : -1];
| 
| int test (int i, double x);
| struct s1 {int (*f) (int a);};
| struct s2 {int (*f) (double a);};
| int pairnames (int, char **, FILE *(*)(struct buf *, struct stat *, int), int, int);
| int argc;
| char **argv;
| int
| main ()
| {
| return f (e, argv, 0) != argv[0]  ||  f (e, argv, 1) != argv[1];
|   ;
|   return 0;
| }
configure:2825: result: unsupported
configure:2847: checking whether ccache_cc understands -c and -o together
configure:2869: ccache_cc -c conftest.c -o conftest2.o
cc1: note: someone does not honour COPTS correctly, passed 0 times
configure:2872: $? = 0
configure:2869: ccache_cc -c conftest.c -o conftest2.o
cc1: note: someone does not honour COPTS correctly, passed 0 times
configure:2872: $? = 0
configure:2884: result: yes
configure:2901: checking for ccache_cc option to accept ISO C99
configure:3050: ccache_cc  -c -Os -pipe -mno-branch-likely -mips32r2 -mtune=34kc -fno-caller-saves -fhonour-copts -Wno-error=unused-but-set-variable -Wno-error=unused-result -msoft-float -mips16 -minterlink-mips16 -fpic -std=gnu99 -I/usr/include   -I/home/tdudlak/BP/OpenWrt-SDK-15.05.1-ar71xx/staging_dir/target-mips_34kc_uClibc-0.9.33.2/usr/include -I/home/tdudlak/BP/OpenWrt-SDK-15.05.1-ar71xx/staging_dir/target-mips_34kc_uClibc-0.9.33.2/include -I/home/tdudlak/BP/OpenWrt-SDK-15.05.1-ar71xx/staging_dir/toolchain-mips_34kc_gcc-4.8-linaro_uClibc-0.9.33.2/usr/include -I/home/tdudlak/BP/OpenWrt-SDK-15.05.1-ar71xx/staging_dir/toolchain-mips_34kc_gcc-4.8-linaro_uClibc-0.9.33.2/include  conftest.c >&5
In file included from /usr/include/features.h:434:0,
                 from /usr/include/bits/libc-header-start.h:33,
                 from /usr/include/stdlib.h:25,
                 from conftest.c:11:
/usr/include/gnu/stubs.h:7:27: fatal error: gnu/stubs-32.h: No such file or directory
 # include <gnu/stubs-32.h>
                           ^
compilation terminated.
configure:3050: $? = 1
configure: failed program was:
| /* confdefs.h */
| #define PACKAGE_NAME "tang"
| #define PACKAGE_TARNAME "tang"
| #define PACKAGE_VERSION "4"
| #define PACKAGE_STRING "tang 4"
| #define PACKAGE_BUGREPORT ""
| #define PACKAGE_URL ""
| /* end confdefs.h.  */
| #include <stdarg.h>
| #include <stdbool.h>
| #include <stdlib.h>
| #include <wchar.h>
| #include <stdio.h>
| 
| // Check varargs macros.  These examples are taken from C99 6.10.3.5.
| #define debug(...) fprintf (stderr, __VA_ARGS__)
| #define showlist(...) puts (#__VA_ARGS__)
| #define report(test,...) ((test) ? puts (#test) : printf (__VA_ARGS__))
| static void
| test_varargs_macros (void)
| {
|   int x = 1234;
|   int y = 5678;
|   debug ("Flag");
|   debug ("X = %d\n", x);
|   showlist (The first, second, and third items.);
|   report (x>y, "x is %d but y is %d", x, y);
| }
| 
| // Check long long types.
| #define BIG64 18446744073709551615ull
| #define BIG32 4294967295ul
| #define BIG_OK (BIG64 / BIG32 == 4294967297ull && BIG64 % BIG32 == 0)
| #if !BIG_OK
|   your preprocessor is broken;
| #endif
| #if BIG_OK
| #else
|   your preprocessor is broken;
| #endif
| static long long int bignum = -9223372036854775807LL;
| static unsigned long long int ubignum = BIG64;
| 
| struct incomplete_array
| {
|   int datasize;
|   double data[];
| };
| 
| struct named_init {
|   int number;
|   const wchar_t *name;
|   double average;
| };
| 
| typedef const char *ccp;
| 
| static inline int
| test_restrict (ccp restrict text)
| {
|   // See if C++-style comments work.
|   // Iterate through items via the restricted pointer.
|   // Also check for declarations in for loops.
|   for (unsigned int i = 0; *(text+i) != '\0'; ++i)
|     continue;
|   return 0;
| }
| 
| // Check varargs and va_copy.
| static void
| test_varargs (const char *format, ...)
| {
|   va_list args;
|   va_start (args, format);
|   va_list args_copy;
|   va_copy (args_copy, args);
| 
|   const char *str;
|   int number;
|   float fnumber;
| 
|   while (*format)
|     {
|       switch (*format++)
| 	{
| 	case 's': // string
| 	  str = va_arg (args_copy, const char *);
| 	  break;
| 	case 'd': // int
| 	  number = va_arg (args_copy, int);
| 	  break;
| 	case 'f': // float
| 	  fnumber = va_arg (args_copy, double);
| 	  break;
| 	default:
| 	  break;
| 	}
|     }
|   va_end (args_copy);
|   va_end (args);
| }
| 
| int
| main ()
| {
| 
|   // Check bool.
|   _Bool success = false;
| 
|   // Check restrict.
|   if (test_restrict ("String literal") == 0)
|     success = true;
|   char *restrict newvar = "Another string";
| 
|   // Check varargs.
|   test_varargs ("s, d' f .", "string", 65, 34.234);
|   test_varargs_macros ();
| 
|   // Check flexible array members.
|   struct incomplete_array *ia =
|     malloc (sizeof (struct incomplete_array) + (sizeof (double) * 10));
|   ia->datasize = 10;
|   for (int i = 0; i < ia->datasize; ++i)
|     ia->data[i] = i * 1.234;
| 
|   // Check named initializers.
|   struct named_init ni = {
|     .number = 34,
|     .name = L"Test wide string",
|     .average = 543.34343,
|   };
| 
|   ni.number = 58;
| 
|   int dynamic_array[ni.number];
|   dynamic_array[ni.number - 1] = 543;
| 
|   // work around unused variable warnings
|   return (!success || bignum == 0LL || ubignum == 0uLL || newvar[0] == 'x'
| 	  || dynamic_array[ni.number - 1] != 543);
| 
|   ;
|   return 0;
| }
configure:3050: ccache_cc -std=gnu99 -c -Os -pipe -mno-branch-likely -mips32r2 -mtune=34kc -fno-caller-saves -fhonour-copts -Wno-error=unused-but-set-variable -Wno-error=unused-result -msoft-float -mips16 -minterlink-mips16 -fpic -std=gnu99 -I/usr/include   -I/home/tdudlak/BP/OpenWrt-SDK-15.05.1-ar71xx/staging_dir/target-mips_34kc_uClibc-0.9.33.2/usr/include -I/home/tdudlak/BP/OpenWrt-SDK-15.05.1-ar71xx/staging_dir/target-mips_34kc_uClibc-0.9.33.2/include -I/home/tdudlak/BP/OpenWrt-SDK-15.05.1-ar71xx/staging_dir/toolchain-mips_34kc_gcc-4.8-linaro_uClibc-0.9.33.2/usr/include -I/home/tdudlak/BP/OpenWrt-SDK-15.05.1-ar71xx/staging_dir/toolchain-mips_34kc_gcc-4.8-linaro_uClibc-0.9.33.2/include  conftest.c >&5
In file included from /usr/include/features.h:434:0,
                 from /usr/include/bits/libc-header-start.h:33,
                 from /usr/include/stdlib.h:25,
                 from conftest.c:11:
/usr/include/gnu/stubs.h:7:27: fatal error: gnu/stubs-32.h: No such file or directory
 # include <gnu/stubs-32.h>
                           ^
compilation terminated.
configure:3050: $? = 1
configure: failed program was:
| /* confdefs.h */
| #define PACKAGE_NAME "tang"
| #define PACKAGE_TARNAME "tang"
| #define PACKAGE_VERSION "4"
| #define PACKAGE_STRING "tang 4"
| #define PACKAGE_BUGREPORT ""
| #define PACKAGE_URL ""
| /* end confdefs.h.  */
| #include <stdarg.h>
| #include <stdbool.h>
| #include <stdlib.h>
| #include <wchar.h>
| #include <stdio.h>
| 
| // Check varargs macros.  These examples are taken from C99 6.10.3.5.
| #define debug(...) fprintf (stderr, __VA_ARGS__)
| #define showlist(...) puts (#__VA_ARGS__)
| #define report(test,...) ((test) ? puts (#test) : printf (__VA_ARGS__))
| static void
| test_varargs_macros (void)
| {
|   int x = 1234;
|   int y = 5678;
|   debug ("Flag");
|   debug ("X = %d\n", x);
|   showlist (The first, second, and third items.);
|   report (x>y, "x is %d but y is %d", x, y);
| }
| 
| // Check long long types.
| #define BIG64 18446744073709551615ull
| #define BIG32 4294967295ul
| #define BIG_OK (BIG64 / BIG32 == 4294967297ull && BIG64 % BIG32 == 0)
| #if !BIG_OK
|   your preprocessor is broken;
| #endif
| #if BIG_OK
| #else
|   your preprocessor is broken;
| #endif
| static long long int bignum = -9223372036854775807LL;
| static unsigned long long int ubignum = BIG64;
| 
| struct incomplete_array
| {
|   int datasize;
|   double data[];
| };
| 
| struct named_init {
|   int number;
|   const wchar_t *name;
|   double average;
| };
| 
| typedef const char *ccp;
| 
| static inline int
| test_restrict (ccp restrict text)
| {
|   // See if C++-style comments work.
|   // Iterate through items via the restricted pointer.
|   // Also check for declarations in for loops.
|   for (unsigned int i = 0; *(text+i) != '\0'; ++i)
|     continue;
|   return 0;
| }
| 
| // Check varargs and va_copy.
| static void
| test_varargs (const char *format, ...)
| {
|   va_list args;
|   va_start (args, format);
|   va_list args_copy;
|   va_copy (args_copy, args);
| 
|   const char *str;
|   int number;
|   float fnumber;
| 
|   while (*format)
|     {
|       switch (*format++)
| 	{
| 	case 's': // string
| 	  str = va_arg (args_copy, const char *);
| 	  break;
| 	case 'd': // int
| 	  number = va_arg (args_copy, int);
| 	  break;
| 	case 'f': // float
| 	  fnumber = va_arg (args_copy, double);
| 	  break;
| 	default:
| 	  break;
| 	}
|     }
|   va_end (args_copy);
|   va_end (args);
| }
| 
| int
| main ()
| {
| 
|   // Check bool.
|   _Bool success = false;
| 
|   // Check restrict.
|   if (test_restrict ("String literal") == 0)
|     success = true;
|   char *restrict newvar = "Another string";
| 
|   // Check varargs.
|   test_varargs ("s, d' f .", "string", 65, 34.234);
|   test_varargs_macros ();
| 
|   // Check flexible array members.
|   struct incomplete_array *ia =
|     malloc (sizeof (struct incomplete_array) + (sizeof (double) * 10));
|   ia->datasize = 10;
|   for (int i = 0; i < ia->datasize; ++i)
|     ia->data[i] = i * 1.234;
| 
|   // Check named initializers.
|   struct named_init ni = {
|     .number = 34,
|     .name = L"Test wide string",
|     .average = 543.34343,
|   };
| 
|   ni.number = 58;
| 
|   int dynamic_array[ni.number];
|   dynamic_array[ni.number - 1] = 543;
| 
|   // work around unused variable warnings
|   return (!success || bignum == 0LL || ubignum == 0uLL || newvar[0] == 'x'
| 	  || dynamic_array[ni.number - 1] != 543);
| 
|   ;
|   return 0;
| }
configure:3050: ccache_cc -std=c99 -c -Os -pipe -mno-branch-likely -mips32r2 -mtune=34kc -fno-caller-saves -fhonour-copts -Wno-error=unused-but-set-variable -Wno-error=unused-result -msoft-float -mips16 -minterlink-mips16 -fpic -std=gnu99 -I/usr/include   -I/home/tdudlak/BP/OpenWrt-SDK-15.05.1-ar71xx/staging_dir/target-mips_34kc_uClibc-0.9.33.2/usr/include -I/home/tdudlak/BP/OpenWrt-SDK-15.05.1-ar71xx/staging_dir/target-mips_34kc_uClibc-0.9.33.2/include -I/home/tdudlak/BP/OpenWrt-SDK-15.05.1-ar71xx/staging_dir/toolchain-mips_34kc_gcc-4.8-linaro_uClibc-0.9.33.2/usr/include -I/home/tdudlak/BP/OpenWrt-SDK-15.05.1-ar71xx/staging_dir/toolchain-mips_34kc_gcc-4.8-linaro_uClibc-0.9.33.2/include  conftest.c >&5
In file included from /usr/include/features.h:434:0,
                 from /usr/include/bits/libc-header-start.h:33,
                 from /usr/include/stdlib.h:25,
                 from conftest.c:11:
/usr/include/gnu/stubs.h:7:27: fatal error: gnu/stubs-32.h: No such file or directory
 # include <gnu/stubs-32.h>
                           ^
compilation terminated.
configure:3050: $? = 1
configure: failed program was:
| /* confdefs.h */
| #define PACKAGE_NAME "tang"
| #define PACKAGE_TARNAME "tang"
| #define PACKAGE_VERSION "4"
| #define PACKAGE_STRING "tang 4"
| #define PACKAGE_BUGREPORT ""
| #define PACKAGE_URL ""
| /* end confdefs.h.  */
| #include <stdarg.h>
| #include <stdbool.h>
| #include <stdlib.h>
| #include <wchar.h>
| #include <stdio.h>
| 
| // Check varargs macros.  These examples are taken from C99 6.10.3.5.
| #define debug(...) fprintf (stderr, __VA_ARGS__)
| #define showlist(...) puts (#__VA_ARGS__)
| #define report(test,...) ((test) ? puts (#test) : printf (__VA_ARGS__))
| static void
| test_varargs_macros (void)
| {
|   int x = 1234;
|   int y = 5678;
|   debug ("Flag");
|   debug ("X = %d\n", x);
|   showlist (The first, second, and third items.);
|   report (x>y, "x is %d but y is %d", x, y);
| }
| 
| // Check long long types.
| #define BIG64 18446744073709551615ull
| #define BIG32 4294967295ul
| #define BIG_OK (BIG64 / BIG32 == 4294967297ull && BIG64 % BIG32 == 0)
| #if !BIG_OK
|   your preprocessor is broken;
| #endif
| #if BIG_OK
| #else
|   your preprocessor is broken;
| #endif
| static long long int bignum = -9223372036854775807LL;
| static unsigned long long int ubignum = BIG64;
| 
| struct incomplete_array
| {
|   int datasize;
|   double data[];
| };
| 
| struct named_init {
|   int number;
|   const wchar_t *name;
|   double average;
| };
| 
| typedef const char *ccp;
| 
| static inline int
| test_restrict (ccp restrict text)
| {
|   // See if C++-style comments work.
|   // Iterate through items via the restricted pointer.
|   // Also check for declarations in for loops.
|   for (unsigned int i = 0; *(text+i) != '\0'; ++i)
|     continue;
|   return 0;
| }
| 
| // Check varargs and va_copy.
| static void
| test_varargs (const char *format, ...)
| {
|   va_list args;
|   va_start (args, format);
|   va_list args_copy;
|   va_copy (args_copy, args);
| 
|   const char *str;
|   int number;
|   float fnumber;
| 
|   while (*format)
|     {
|       switch (*format++)
| 	{
| 	case 's': // string
| 	  str = va_arg (args_copy, const char *);
| 	  break;
| 	case 'd': // int
| 	  number = va_arg (args_copy, int);
| 	  break;
| 	case 'f': // float
| 	  fnumber = va_arg (args_copy, double);
| 	  break;
| 	default:
| 	  break;
| 	}
|     }
|   va_end (args_copy);
|   va_end (args);
| }
| 
| int
| main ()
| {
| 
|   // Check bool.
|   _Bool success = false;
| 
|   // Check restrict.
|   if (test_restrict ("String literal") == 0)
|     success = true;
|   char *restrict newvar = "Another string";
| 
|   // Check varargs.
|   test_varargs ("s, d' f .", "string", 65, 34.234);
|   test_varargs_macros ();
| 
|   // Check flexible array members.
|   struct incomplete_array *ia =
|     malloc (sizeof (struct incomplete_array) + (sizeof (double) * 10));
|   ia->datasize = 10;
|   for (int i = 0; i < ia->datasize; ++i)
|     ia->data[i] = i * 1.234;
| 
|   // Check named initializers.
|   struct named_init ni = {
|     .number = 34,
|     .name = L"Test wide string",
|     .average = 543.34343,
|   };
| 
|   ni.number = 58;
| 
|   int dynamic_array[ni.number];
|   dynamic_array[ni.number - 1] = 543;
| 
|   // work around unused variable warnings
|   return (!success || bignum == 0LL || ubignum == 0uLL || newvar[0] == 'x'
| 	  || dynamic_array[ni.number - 1] != 543);
| 
|   ;
|   return 0;
| }
configure:3050: ccache_cc -c99 -c -Os -pipe -mno-branch-likely -mips32r2 -mtune=34kc -fno-caller-saves -fhonour-copts -Wno-error=unused-but-set-variable -Wno-error=unused-result -msoft-float -mips16 -minterlink-mips16 -fpic -std=gnu99 -I/usr/include   -I/home/tdudlak/BP/OpenWrt-SDK-15.05.1-ar71xx/staging_dir/target-mips_34kc_uClibc-0.9.33.2/usr/include -I/home/tdudlak/BP/OpenWrt-SDK-15.05.1-ar71xx/staging_dir/target-mips_34kc_uClibc-0.9.33.2/include -I/home/tdudlak/BP/OpenWrt-SDK-15.05.1-ar71xx/staging_dir/toolchain-mips_34kc_gcc-4.8-linaro_uClibc-0.9.33.2/usr/include -I/home/tdudlak/BP/OpenWrt-SDK-15.05.1-ar71xx/staging_dir/toolchain-mips_34kc_gcc-4.8-linaro_uClibc-0.9.33.2/include  conftest.c >&5
mips-openwrt-linux-uclibc-gcc: error: unrecognized command line option '-c99'
configure:3050: $? = 1
configure: failed program was:
| /* confdefs.h */
| #define PACKAGE_NAME "tang"
| #define PACKAGE_TARNAME "tang"
| #define PACKAGE_VERSION "4"
| #define PACKAGE_STRING "tang 4"
| #define PACKAGE_BUGREPORT ""
| #define PACKAGE_URL ""
| /* end confdefs.h.  */
| #include <stdarg.h>
| #include <stdbool.h>
| #include <stdlib.h>
| #include <wchar.h>
| #include <stdio.h>
| 
| // Check varargs macros.  These examples are taken from C99 6.10.3.5.
| #define debug(...) fprintf (stderr, __VA_ARGS__)
| #define showlist(...) puts (#__VA_ARGS__)
| #define report(test,...) ((test) ? puts (#test) : printf (__VA_ARGS__))
| static void
| test_varargs_macros (void)
| {
|   int x = 1234;
|   int y = 5678;
|   debug ("Flag");
|   debug ("X = %d\n", x);
|   showlist (The first, second, and third items.);
|   report (x>y, "x is %d but y is %d", x, y);
| }
| 
| // Check long long types.
| #define BIG64 18446744073709551615ull
| #define BIG32 4294967295ul
| #define BIG_OK (BIG64 / BIG32 == 4294967297ull && BIG64 % BIG32 == 0)
| #if !BIG_OK
|   your preprocessor is broken;
| #endif
| #if BIG_OK
| #else
|   your preprocessor is broken;
| #endif
| static long long int bignum = -9223372036854775807LL;
| static unsigned long long int ubignum = BIG64;
| 
| struct incomplete_array
| {
|   int datasize;
|   double data[];
| };
| 
| struct named_init {
|   int number;
|   const wchar_t *name;
|   double average;
| };
| 
| typedef const char *ccp;
| 
| static inline int
| test_restrict (ccp restrict text)
| {
|   // See if C++-style comments work.
|   // Iterate through items via the restricted pointer.
|   // Also check for declarations in for loops.
|   for (unsigned int i = 0; *(text+i) != '\0'; ++i)
|     continue;
|   return 0;
| }
| 
| // Check varargs and va_copy.
| static void
| test_varargs (const char *format, ...)
| {
|   va_list args;
|   va_start (args, format);
|   va_list args_copy;
|   va_copy (args_copy, args);
| 
|   const char *str;
|   int number;
|   float fnumber;
| 
|   while (*format)
|     {
|       switch (*format++)
| 	{
| 	case 's': // string
| 	  str = va_arg (args_copy, const char *);
| 	  break;
| 	case 'd': // int
| 	  number = va_arg (args_copy, int);
| 	  break;
| 	case 'f': // float
| 	  fnumber = va_arg (args_copy, double);
| 	  break;
| 	default:
| 	  break;
| 	}
|     }
|   va_end (args_copy);
|   va_end (args);
| }
| 
| int
| main ()
| {
| 
|   // Check bool.
|   _Bool success = false;
| 
|   // Check restrict.
|   if (test_restrict ("String literal") == 0)
|     success = true;
|   char *restrict newvar = "Another string";
| 
|   // Check varargs.
|   test_varargs ("s, d' f .", "string", 65, 34.234);
|   test_varargs_macros ();
| 
|   // Check flexible array members.
|   struct incomplete_array *ia =
|     malloc (sizeof (struct incomplete_array) + (sizeof (double) * 10));
|   ia->datasize = 10;
|   for (int i = 0; i < ia->datasize; ++i)
|     ia->data[i] = i * 1.234;
| 
|   // Check named initializers.
|   struct named_init ni = {
|     .number = 34,
|     .name = L"Test wide string",
|     .average = 543.34343,
|   };
| 
|   ni.number = 58;
| 
|   int dynamic_array[ni.number];
|   dynamic_array[ni.number - 1] = 543;
| 
|   // work around unused variable warnings
|   return (!success || bignum == 0LL || ubignum == 0uLL || newvar[0] == 'x'
| 	  || dynamic_array[ni.number - 1] != 543);
| 
|   ;
|   return 0;
| }
configure:3050: ccache_cc -AC99 -c -Os -pipe -mno-branch-likely -mips32r2 -mtune=34kc -fno-caller-saves -fhonour-copts -Wno-error=unused-but-set-variable -Wno-error=unused-result -msoft-float -mips16 -minterlink-mips16 -fpic -std=gnu99 -I/usr/include   -I/home/tdudlak/BP/OpenWrt-SDK-15.05.1-ar71xx/staging_dir/target-mips_34kc_uClibc-0.9.33.2/usr/include -I/home/tdudlak/BP/OpenWrt-SDK-15.05.1-ar71xx/staging_dir/target-mips_34kc_uClibc-0.9.33.2/include -I/home/tdudlak/BP/OpenWrt-SDK-15.05.1-ar71xx/staging_dir/toolchain-mips_34kc_gcc-4.8-linaro_uClibc-0.9.33.2/usr/include -I/home/tdudlak/BP/OpenWrt-SDK-15.05.1-ar71xx/staging_dir/toolchain-mips_34kc_gcc-4.8-linaro_uClibc-0.9.33.2/include  conftest.c >&5
<command-line>:0:1: error: missing '(' after predicate
In file included from /usr/include/features.h:434:0,
                 from /usr/include/bits/libc-header-start.h:33,
                 from /usr/include/stdlib.h:25,
                 from conftest.c:11:
/usr/include/gnu/stubs.h:7:27: fatal error: gnu/stubs-32.h: No such file or directory
 # include <gnu/stubs-32.h>
                           ^
compilation terminated.
configure:3050: $? = 1
configure: failed program was:
| /* confdefs.h */
| #define PACKAGE_NAME "tang"
| #define PACKAGE_TARNAME "tang"
| #define PACKAGE_VERSION "4"
| #define PACKAGE_STRING "tang 4"
| #define PACKAGE_BUGREPORT ""
| #define PACKAGE_URL ""
| /* end confdefs.h.  */
| #include <stdarg.h>
| #include <stdbool.h>
| #include <stdlib.h>
| #include <wchar.h>
| #include <stdio.h>
| 
| // Check varargs macros.  These examples are taken from C99 6.10.3.5.
| #define debug(...) fprintf (stderr, __VA_ARGS__)
| #define showlist(...) puts (#__VA_ARGS__)
| #define report(test,...) ((test) ? puts (#test) : printf (__VA_ARGS__))
| static void
| test_varargs_macros (void)
| {
|   int x = 1234;
|   int y = 5678;
|   debug ("Flag");
|   debug ("X = %d\n", x);
|   showlist (The first, second, and third items.);
|   report (x>y, "x is %d but y is %d", x, y);
| }
| 
| // Check long long types.
| #define BIG64 18446744073709551615ull
| #define BIG32 4294967295ul
| #define BIG_OK (BIG64 / BIG32 == 4294967297ull && BIG64 % BIG32 == 0)
| #if !BIG_OK
|   your preprocessor is broken;
| #endif
| #if BIG_OK
| #else
|   your preprocessor is broken;
| #endif
| static long long int bignum = -9223372036854775807LL;
| static unsigned long long int ubignum = BIG64;
| 
| struct incomplete_array
| {
|   int datasize;
|   double data[];
| };
| 
| struct named_init {
|   int number;
|   const wchar_t *name;
|   double average;
| };
| 
| typedef const char *ccp;
| 
| static inline int
| test_restrict (ccp restrict text)
| {
|   // See if C++-style comments work.
|   // Iterate through items via the restricted pointer.
|   // Also check for declarations in for loops.
|   for (unsigned int i = 0; *(text+i) != '\0'; ++i)
|     continue;
|   return 0;
| }
| 
| // Check varargs and va_copy.
| static void
| test_varargs (const char *format, ...)
| {
|   va_list args;
|   va_start (args, format);
|   va_list args_copy;
|   va_copy (args_copy, args);
| 
|   const char *str;
|   int number;
|   float fnumber;
| 
|   while (*format)
|     {
|       switch (*format++)
| 	{
| 	case 's': // string
| 	  str = va_arg (args_copy, const char *);
| 	  break;
| 	case 'd': // int
| 	  number = va_arg (args_copy, int);
| 	  break;
| 	case 'f': // float
| 	  fnumber = va_arg (args_copy, double);
| 	  break;
| 	default:
| 	  break;
| 	}
|     }
|   va_end (args_copy);
|   va_end (args);
| }
| 
| int
| main ()
| {
| 
|   // Check bool.
|   _Bool success = false;
| 
|   // Check restrict.
|   if (test_restrict ("String literal") == 0)
|     success = true;
|   char *restrict newvar = "Another string";
| 
|   // Check varargs.
|   test_varargs ("s, d' f .", "string", 65, 34.234);
|   test_varargs_macros ();
| 
|   // Check flexible array members.
|   struct incomplete_array *ia =
|     malloc (sizeof (struct incomplete_array) + (sizeof (double) * 10));
|   ia->datasize = 10;
|   for (int i = 0; i < ia->datasize; ++i)
|     ia->data[i] = i * 1.234;
| 
|   // Check named initializers.
|   struct named_init ni = {
|     .number = 34,
|     .name = L"Test wide string",
|     .average = 543.34343,
|   };
| 
|   ni.number = 58;
| 
|   int dynamic_array[ni.number];
|   dynamic_array[ni.number - 1] = 543;
| 
|   // work around unused variable warnings
|   return (!success || bignum == 0LL || ubignum == 0uLL || newvar[0] == 'x'
| 	  || dynamic_array[ni.number - 1] != 543);
| 
|   ;
|   return 0;
| }
configure:3050: ccache_cc -D_STDC_C99= -c -Os -pipe -mno-branch-likely -mips32r2 -mtune=34kc -fno-caller-saves -fhonour-copts -Wno-error=unused-but-set-variable -Wno-error=unused-result -msoft-float -mips16 -minterlink-mips16 -fpic -std=gnu99 -I/usr/include   -I/home/tdudlak/BP/OpenWrt-SDK-15.05.1-ar71xx/staging_dir/target-mips_34kc_uClibc-0.9.33.2/usr/include -I/home/tdudlak/BP/OpenWrt-SDK-15.05.1-ar71xx/staging_dir/target-mips_34kc_uClibc-0.9.33.2/include -I/home/tdudlak/BP/OpenWrt-SDK-15.05.1-ar71xx/staging_dir/toolchain-mips_34kc_gcc-4.8-linaro_uClibc-0.9.33.2/usr/include -I/home/tdudlak/BP/OpenWrt-SDK-15.05.1-ar71xx/staging_dir/toolchain-mips_34kc_gcc-4.8-linaro_uClibc-0.9.33.2/include  conftest.c >&5
In file included from /usr/include/features.h:434:0,
                 from /usr/include/bits/libc-header-start.h:33,
                 from /usr/include/stdlib.h:25,
                 from conftest.c:11:
/usr/include/gnu/stubs.h:7:27: fatal error: gnu/stubs-32.h: No such file or directory
 # include <gnu/stubs-32.h>
                           ^
compilation terminated.
configure:3050: $? = 1
configure: failed program was:
| /* confdefs.h */
| #define PACKAGE_NAME "tang"
| #define PACKAGE_TARNAME "tang"
| #define PACKAGE_VERSION "4"
| #define PACKAGE_STRING "tang 4"
| #define PACKAGE_BUGREPORT ""
| #define PACKAGE_URL ""
| /* end confdefs.h.  */
| #include <stdarg.h>
| #include <stdbool.h>
| #include <stdlib.h>
| #include <wchar.h>
| #include <stdio.h>
| 
| // Check varargs macros.  These examples are taken from C99 6.10.3.5.
| #define debug(...) fprintf (stderr, __VA_ARGS__)
| #define showlist(...) puts (#__VA_ARGS__)
| #define report(test,...) ((test) ? puts (#test) : printf (__VA_ARGS__))
| static void
| test_varargs_macros (void)
| {
|   int x = 1234;
|   int y = 5678;
|   debug ("Flag");
|   debug ("X = %d\n", x);
|   showlist (The first, second, and third items.);
|   report (x>y, "x is %d but y is %d", x, y);
| }
| 
| // Check long long types.
| #define BIG64 18446744073709551615ull
| #define BIG32 4294967295ul
| #define BIG_OK (BIG64 / BIG32 == 4294967297ull && BIG64 % BIG32 == 0)
| #if !BIG_OK
|   your preprocessor is broken;
| #endif
| #if BIG_OK
| #else
|   your preprocessor is broken;
| #endif
| static long long int bignum = -9223372036854775807LL;
| static unsigned long long int ubignum = BIG64;
| 
| struct incomplete_array
| {
|   int datasize;
|   double data[];
| };
| 
| struct named_init {
|   int number;
|   const wchar_t *name;
|   double average;
| };
| 
| typedef const char *ccp;
| 
| static inline int
| test_restrict (ccp restrict text)
| {
|   // See if C++-style comments work.
|   // Iterate through items via the restricted pointer.
|   // Also check for declarations in for loops.
|   for (unsigned int i = 0; *(text+i) != '\0'; ++i)
|     continue;
|   return 0;
| }
| 
| // Check varargs and va_copy.
| static void
| test_varargs (const char *format, ...)
| {
|   va_list args;
|   va_start (args, format);
|   va_list args_copy;
|   va_copy (args_copy, args);
| 
|   const char *str;
|   int number;
|   float fnumber;
| 
|   while (*format)
|     {
|       switch (*format++)
| 	{
| 	case 's': // string
| 	  str = va_arg (args_copy, const char *);
| 	  break;
| 	case 'd': // int
| 	  number = va_arg (args_copy, int);
| 	  break;
| 	case 'f': // float
| 	  fnumber = va_arg (args_copy, double);
| 	  break;
| 	default:
| 	  break;
| 	}
|     }
|   va_end (args_copy);
|   va_end (args);
| }
| 
| int
| main ()
| {
| 
|   // Check bool.
|   _Bool success = false;
| 
|   // Check restrict.
|   if (test_restrict ("String literal") == 0)
|     success = true;
|   char *restrict newvar = "Another string";
| 
|   // Check varargs.
|   test_varargs ("s, d' f .", "string", 65, 34.234);
|   test_varargs_macros ();
| 
|   // Check flexible array members.
|   struct incomplete_array *ia =
|     malloc (sizeof (struct incomplete_array) + (sizeof (double) * 10));
|   ia->datasize = 10;
|   for (int i = 0; i < ia->datasize; ++i)
|     ia->data[i] = i * 1.234;
| 
|   // Check named initializers.
|   struct named_init ni = {
|     .number = 34,
|     .name = L"Test wide string",
|     .average = 543.34343,
|   };
| 
|   ni.number = 58;
| 
|   int dynamic_array[ni.number];
|   dynamic_array[ni.number - 1] = 543;
| 
|   // work around unused variable warnings
|   return (!success || bignum == 0LL || ubignum == 0uLL || newvar[0] == 'x'
| 	  || dynamic_array[ni.number - 1] != 543);
| 
|   ;
|   return 0;
| }
configure:3050: ccache_cc -qlanglvl=extc99 -c -Os -pipe -mno-branch-likely -mips32r2 -mtune=34kc -fno-caller-saves -fhonour-copts -Wno-error=unused-but-set-variable -Wno-error=unused-result -msoft-float -mips16 -minterlink-mips16 -fpic -std=gnu99 -I/usr/include   -I/home/tdudlak/BP/OpenWrt-SDK-15.05.1-ar71xx/staging_dir/target-mips_34kc_uClibc-0.9.33.2/usr/include -I/home/tdudlak/BP/OpenWrt-SDK-15.05.1-ar71xx/staging_dir/target-mips_34kc_uClibc-0.9.33.2/include -I/home/tdudlak/BP/OpenWrt-SDK-15.05.1-ar71xx/staging_dir/toolchain-mips_34kc_gcc-4.8-linaro_uClibc-0.9.33.2/usr/include -I/home/tdudlak/BP/OpenWrt-SDK-15.05.1-ar71xx/staging_dir/toolchain-mips_34kc_gcc-4.8-linaro_uClibc-0.9.33.2/include  conftest.c >&5
mips-openwrt-linux-uclibc-gcc: error: unrecognized command line option '-qlanglvl=extc99'
configure:3050: $? = 1
configure: failed program was:
| /* confdefs.h */
| #define PACKAGE_NAME "tang"
| #define PACKAGE_TARNAME "tang"
| #define PACKAGE_VERSION "4"
| #define PACKAGE_STRING "tang 4"
| #define PACKAGE_BUGREPORT ""
| #define PACKAGE_URL ""
| /* end confdefs.h.  */
| #include <stdarg.h>
| #include <stdbool.h>
| #include <stdlib.h>
| #include <wchar.h>
| #include <stdio.h>
| 
| // Check varargs macros.  These examples are taken from C99 6.10.3.5.
| #define debug(...) fprintf (stderr, __VA_ARGS__)
| #define showlist(...) puts (#__VA_ARGS__)
| #define report(test,...) ((test) ? puts (#test) : printf (__VA_ARGS__))
| static void
| test_varargs_macros (void)
| {
|   int x = 1234;
|   int y = 5678;
|   debug ("Flag");
|   debug ("X = %d\n", x);
|   showlist (The first, second, and third items.);
|   report (x>y, "x is %d but y is %d", x, y);
| }
| 
| // Check long long types.
| #define BIG64 18446744073709551615ull
| #define BIG32 4294967295ul
| #define BIG_OK (BIG64 / BIG32 == 4294967297ull && BIG64 % BIG32 == 0)
| #if !BIG_OK
|   your preprocessor is broken;
| #endif
| #if BIG_OK
| #else
|   your preprocessor is broken;
| #endif
| static long long int bignum = -9223372036854775807LL;
| static unsigned long long int ubignum = BIG64;
| 
| struct incomplete_array
| {
|   int datasize;
|   double data[];
| };
| 
| struct named_init {
|   int number;
|   const wchar_t *name;
|   double average;
| };
| 
| typedef const char *ccp;
| 
| static inline int
| test_restrict (ccp restrict text)
| {
|   // See if C++-style comments work.
|   // Iterate through items via the restricted pointer.
|   // Also check for declarations in for loops.
|   for (unsigned int i = 0; *(text+i) != '\0'; ++i)
|     continue;
|   return 0;
| }
| 
| // Check varargs and va_copy.
| static void
| test_varargs (const char *format, ...)
| {
|   va_list args;
|   va_start (args, format);
|   va_list args_copy;
|   va_copy (args_copy, args);
| 
|   const char *str;
|   int number;
|   float fnumber;
| 
|   while (*format)
|     {
|       switch (*format++)
| 	{
| 	case 's': // string
| 	  str = va_arg (args_copy, const char *);
| 	  break;
| 	case 'd': // int
| 	  number = va_arg (args_copy, int);
| 	  break;
| 	case 'f': // float
| 	  fnumber = va_arg (args_copy, double);
| 	  break;
| 	default:
| 	  break;
| 	}
|     }
|   va_end (args_copy);
|   va_end (args);
| }
| 
| int
| main ()
| {
| 
|   // Check bool.
|   _Bool success = false;
| 
|   // Check restrict.
|   if (test_restrict ("String literal") == 0)
|     success = true;
|   char *restrict newvar = "Another string";
| 
|   // Check varargs.
|   test_varargs ("s, d' f .", "string", 65, 34.234);
|   test_varargs_macros ();
| 
|   // Check flexible array members.
|   struct incomplete_array *ia =
|     malloc (sizeof (struct incomplete_array) + (sizeof (double) * 10));
|   ia->datasize = 10;
|   for (int i = 0; i < ia->datasize; ++i)
|     ia->data[i] = i * 1.234;
| 
|   // Check named initializers.
|   struct named_init ni = {
|     .number = 34,
|     .name = L"Test wide string",
|     .average = 543.34343,
|   };
| 
|   ni.number = 58;
| 
|   int dynamic_array[ni.number];
|   dynamic_array[ni.number - 1] = 543;
| 
|   // work around unused variable warnings
|   return (!success || bignum == 0LL || ubignum == 0uLL || newvar[0] == 'x'
| 	  || dynamic_array[ni.number - 1] != 543);
| 
|   ;
|   return 0;
| }
configure:3066: result: unsupported
configure:3078: checking for a sed that does not truncate output
configure:3142: result: /home/tdudlak/BP/OpenWrt-SDK-15.05.1-ar71xx/staging_dir/host/bin/sed
configure:3164: checking for a BSD-compatible install
configure:3232: result: /usr/bin/install -c
configure:3243: checking whether build environment is sane
configure:3298: result: yes
configure:3354: checking for mips-openwrt-linux-strip
configure:3381: result: mips-openwrt-linux-uclibc-strip
configure:3446: checking for a thread-safe mkdir -p
configure:3485: result: /usr/bin/mkdir -p
configure:3492: checking for gawk
configure:3508: found /usr/bin/gawk
configure:3519: result: gawk
configure:3530: checking whether make sets $(MAKE)
configure:3552: result: yes
configure:3582: checking for style of include used by make
configure:3610: result: GNU
configure:3644: checking whether make supports nested variables
configure:3661: result: yes
configure:3747: checking dependency style of ccache_cc
configure:3858: result: gcc3
configure:3927: checking whether make supports nested variables
configure:3944: result: yes
configure:4067: checking pkg-config is at least version 0.25
configure:4070: result: yes
configure:4080: checking for dlopen in -ldl
configure:4105: ccache_cc -o conftest -Os -pipe -mno-branch-likely -mips32r2 -mtune=34kc -fno-caller-saves -fhonour-copts -Wno-error=unused-but-set-variable -Wno-error=unused-result -msoft-float -mips16 -minterlink-mips16 -fpic -std=gnu99 -I/usr/include   -I/home/tdudlak/BP/OpenWrt-SDK-15.05.1-ar71xx/staging_dir/target-mips_34kc_uClibc-0.9.33.2/usr/include -I/home/tdudlak/BP/OpenWrt-SDK-15.05.1-ar71xx/staging_dir/target-mips_34kc_uClibc-0.9.33.2/include -I/home/tdudlak/BP/OpenWrt-SDK-15.05.1-ar71xx/staging_dir/toolchain-mips_34kc_gcc-4.8-linaro_uClibc-0.9.33.2/usr/include -I/home/tdudlak/BP/OpenWrt-SDK-15.05.1-ar71xx/staging_dir/toolchain-mips_34kc_gcc-4.8-linaro_uClibc-0.9.33.2/include  -L/home/tdudlak/BP/OpenWrt-SDK-15.05.1-ar71xx/staging_dir/target-mips_34kc_uClibc-0.9.33.2/usr/lib -L/home/tdudlak/BP/OpenWrt-SDK-15.05.1-ar71xx/staging_dir/target-mips_34kc_uClibc-0.9.33.2/lib -L/home/tdudlak/BP/OpenWrt-SDK-15.05.1-ar71xx/staging_dir/toolchain-mips_34kc_gcc-4.8-linaro_uClibc-0.9.33.2/usr/lib -L/home/tdudlak/BP/OpenWrt-SDK-15.05.1-ar71xx/staging_dir/toolchain-mips_34kc_gcc-4.8-linaro_uClibc-0.9.33.2/lib -Wl,-rpath-link=/usr/lib  conftest.c -ldl   >&5
configure:4105: $? = 0
configure:4114: result: yes
configure:4166: checking for http_parser.h
configure:4166: ccache_cc -c -Os -pipe -mno-branch-likely -mips32r2 -mtune=34kc -fno-caller-saves -fhonour-copts -Wno-error=unused-but-set-variable -Wno-error=unused-result -msoft-float -mips16 -minterlink-mips16 -fpic -std=gnu99 -I/usr/include   -I/home/tdudlak/BP/OpenWrt-SDK-15.05.1-ar71xx/staging_dir/target-mips_34kc_uClibc-0.9.33.2/usr/include -I/home/tdudlak/BP/OpenWrt-SDK-15.05.1-ar71xx/staging_dir/target-mips_34kc_uClibc-0.9.33.2/include -I/home/tdudlak/BP/OpenWrt-SDK-15.05.1-ar71xx/staging_dir/toolchain-mips_34kc_gcc-4.8-linaro_uClibc-0.9.33.2/usr/include -I/home/tdudlak/BP/OpenWrt-SDK-15.05.1-ar71xx/staging_dir/toolchain-mips_34kc_gcc-4.8-linaro_uClibc-0.9.33.2/include  conftest.c >&5
In file included from /usr/include/features.h:434:0,
                 from /usr/include/sys/types.h:25,
                 from /usr/include/http_parser.h:32,
                 from conftest.c:12:
/usr/include/gnu/stubs.h:7:27: fatal error: gnu/stubs-32.h: No such file or directory
 # include <gnu/stubs-32.h>
                           ^
compilation terminated.
configure:4166: $? = 1
configure: failed program was:
| /* confdefs.h */
| #define PACKAGE_NAME "tang"
| #define PACKAGE_TARNAME "tang"
| #define PACKAGE_VERSION "4"
| #define PACKAGE_STRING "tang 4"
| #define PACKAGE_BUGREPORT ""
| #define PACKAGE_URL ""
| #define PACKAGE "tang"
| #define VERSION "4"
| /* end confdefs.h.  */
| 
| #include <http_parser.h>
| #ifndef HTTP_STATUS_MAP
| #error HTTP_STATUS_MAP not defined!
| #endif
| 
| 
| #include <http_parser.h>
configure:4166: result: no
configure:4176: error: http-parser required!

## ---------------- ##
## Cache variables. ##
## ---------------- ##

ac_cv_build=x86_64-redhat-linux-gnu
ac_cv_c_bigendian=yes
ac_cv_c_compiler_gnu=yes
ac_cv_c_gettext_without_libintl=yes
ac_cv_c_littleendian=no
ac_cv_c_long_double=no
ac_cv_conv_longlong_to_float=yes
ac_cv_env_CC_set=set
ac_cv_env_CC_value=ccache_cc
ac_cv_env_CFLAGS_set=set
ac_cv_env_CFLAGS_value='-Os -pipe -mno-branch-likely -mips32r2 -mtune=34kc -fno-caller-saves -fhonour-copts -Wno-error=unused-but-set-variable -Wno-error=unused-result -msoft-float -mips16 -minterlink-mips16 -fpic -std=gnu99 -I/usr/include  '
ac_cv_env_CPPFLAGS_set=set
ac_cv_env_CPPFLAGS_value='-I/home/tdudlak/BP/OpenWrt-SDK-15.05.1-ar71xx/staging_dir/target-mips_34kc_uClibc-0.9.33.2/usr/include -I/home/tdudlak/BP/OpenWrt-SDK-15.05.1-ar71xx/staging_dir/target-mips_34kc_uClibc-0.9.33.2/include -I/home/tdudlak/BP/OpenWrt-SDK-15.05.1-ar71xx/staging_dir/toolchain-mips_34kc_gcc-4.8-linaro_uClibc-0.9.33.2/usr/include -I/home/tdudlak/BP/OpenWrt-SDK-15.05.1-ar71xx/staging_dir/toolchain-mips_34kc_gcc-4.8-linaro_uClibc-0.9.33.2/include '
ac_cv_env_LDFLAGS_set=set
ac_cv_env_LDFLAGS_value='-L/home/tdudlak/BP/OpenWrt-SDK-15.05.1-ar71xx/staging_dir/target-mips_34kc_uClibc-0.9.33.2/usr/lib -L/home/tdudlak/BP/OpenWrt-SDK-15.05.1-ar71xx/staging_dir/target-mips_34kc_uClibc-0.9.33.2/lib -L/home/tdudlak/BP/OpenWrt-SDK-15.05.1-ar71xx/staging_dir/toolchain-mips_34kc_gcc-4.8-linaro_uClibc-0.9.33.2/usr/lib -L/home/tdudlak/BP/OpenWrt-SDK-15.05.1-ar71xx/staging_dir/toolchain-mips_34kc_gcc-4.8-linaro_uClibc-0.9.33.2/lib -Wl,-rpath-link=/usr/lib '
ac_cv_env_LIBS_set=
ac_cv_env_LIBS_value=
ac_cv_env_PKG_CONFIG_LIBDIR_set=set
ac_cv_env_PKG_CONFIG_LIBDIR_value=/home/tdudlak/BP/OpenWrt-SDK-15.05.1-ar71xx/staging_dir/target-mips_34kc_uClibc-0.9.33.2/usr/lib/pkgconfig:/home/tdudlak/BP/OpenWrt-SDK-15.05.1-ar71xx/staging_dir/target-mips_34kc_uClibc-0.9.33.2/usr/share/pkgconfig
ac_cv_env_PKG_CONFIG_PATH_set=set
ac_cv_env_PKG_CONFIG_PATH_value=/home/tdudlak/BP/OpenWrt-SDK-15.05.1-ar71xx/staging_dir/target-mips_34kc_uClibc-0.9.33.2/usr/lib/pkgconfig:/home/tdudlak/BP/OpenWrt-SDK-15.05.1-ar71xx/staging_dir/target-mips_34kc_uClibc-0.9.33.2/usr/share/pkgconfig
ac_cv_env_PKG_CONFIG_set=set
ac_cv_env_PKG_CONFIG_value=/home/tdudlak/BP/OpenWrt-SDK-15.05.1-ar71xx/staging_dir/host/bin/pkg-config
ac_cv_env_build_alias_set=set
ac_cv_env_build_alias_value=x86_64-redhat-linux
ac_cv_env_host_alias_set=set
ac_cv_env_host_alias_value=mips-openwrt-linux
ac_cv_env_jose_openssl_CFLAGS_set=
ac_cv_env_jose_openssl_CFLAGS_value=
ac_cv_env_jose_openssl_LIBS_set=
ac_cv_env_jose_openssl_LIBS_value=
ac_cv_env_jose_zlib_CFLAGS_set=
ac_cv_env_jose_zlib_CFLAGS_value=
ac_cv_env_jose_zlib_LIBS_set=
ac_cv_env_jose_zlib_LIBS_value=
ac_cv_env_target_alias_set=set
ac_cv_env_target_alias_value=mips-openwrt-linux
ac_cv_file__dev_zero=yes
ac_cv_func___adjtimex=yes
ac_cv_func___va_copy=no
ac_cv_func__exit=yes
ac_cv_func_bcmp=yes
ac_cv_func_bcopy=yes
ac_cv_func_bzero=yes
ac_cv_func_cimag=yes
ac_cv_func_creal=yes
ac_cv_func_fchmod=yes
ac_cv_func_getaddrinfo=yes
ac_cv_func_getcwd=yes
ac_cv_func_getdomainname=yes
ac_cv_func_getpgrp_void=yes
ac_cv_func_getpwuid_r=yes
ac_cv_func_gettimeofday=yes
ac_cv_func_index=yes
ac_cv_func_lstat=yes
ac_cv_func_lstat_dereferences_slashed_symlink=yes
ac_cv_func_lstat_empty_string_bug=no
ac_cv_func_malloc_0_nonnull=yes
ac_cv_func_malloc_works=yes
ac_cv_func_memcmp_clean=yes
ac_cv_func_memcmp_working=yes
ac_cv_func_posix_getgrgid_r=yes
ac_cv_func_posix_getpwuid_r=yes
ac_cv_func_psignal=yes
ac_cv_func_pthread_key_delete=yes
ac_cv_func_realloc_0_nonnull=yes
ac_cv_func_realloc_works=yes
ac_cv_func_rename=yes
ac_cv_func_rindex=yes
ac_cv_func_setgrent_void=yes
ac_cv_func_setlocale=yes
ac_cv_func_setpgrp_void=yes
ac_cv_func_setresuid=no
ac_cv_func_setvbuf_reversed=no
ac_cv_func_stat_empty_string_bug=no
ac_cv_func_stat_ignores_trailing_slash=no
ac_cv_func_strerror=yes
ac_cv_func_strftime=yes
ac_cv_func_utimes=yes
ac_cv_func_va_copy=no
ac_cv_func_vsnprintf=yes
ac_cv_have_accrights_in_msghdr=no
ac_cv_have_broken_snprintf=no
ac_cv_have_control_in_msghdr=yes
ac_cv_have_decl_sys_siglist=no
ac_cv_have_openpty_ctty_bug=yes
ac_cv_have_space_d_name_in_struct_dirent=yes
ac_cv_header_http_parser_h=no
ac_cv_header_netinet_sctp_h=no
ac_cv_header_netinet_sctp_uio_h=no
ac_cv_host=mips-openwrt-linux-gnu
ac_cv_int64_t=yes
ac_cv_lbl_unaligned_fail=no
ac_cv_lib_dl_dlopen=yes
ac_cv_linux_kernel_pppoe=yes
ac_cv_linux_vers=2
ac_cv_objext=o
ac_cv_pack_bitfields_reversed=yes
ac_cv_path_LDCONFIG=
ac_cv_path_SED=/home/tdudlak/BP/OpenWrt-SDK-15.05.1-ar71xx/staging_dir/host/bin/sed
ac_cv_path_install='/usr/bin/install -c'
ac_cv_path_mkdir=/usr/bin/mkdir
ac_cv_prog_AWK=gawk
ac_cv_prog_CC=ccache_cc
ac_cv_prog_STRIP=mips-openwrt-linux-uclibc-strip
ac_cv_prog_cc_c89=no
ac_cv_prog_cc_c99=no
ac_cv_prog_cc_g=yes
ac_cv_prog_make_make_set=yes
ac_cv_regexec_segfault_emptystr=no
ac_cv_sctp=no
ac_cv_sizeof___int64=0
ac_cv_sizeof_char=1
ac_cv_sizeof_int16_t=2
ac_cv_sizeof_int32_t=4
ac_cv_sizeof_int64_t=8
ac_cv_sizeof_int=4
ac_cv_sizeof_long=4
ac_cv_sizeof_long_int=4
ac_cv_sizeof_long_long=8
ac_cv_sizeof_off_t=8
ac_cv_sizeof_short=2
ac_cv_sizeof_short_int=2
ac_cv_sizeof_size_t=4
ac_cv_sizeof_ssize_t=4
ac_cv_sizeof_u_int16_t=2
ac_cv_sizeof_u_int32_t=4
ac_cv_sizeof_u_int64_t=8
ac_cv_sizeof_uint16_t=2
ac_cv_sizeof_uint32_t=4
ac_cv_sizeof_uint64_t=8
ac_cv_sizeof_unsigned_int=4
ac_cv_sizeof_unsigned_long=4
ac_cv_sizeof_unsigned_long_long=8
ac_cv_sizeof_unsigned_short=2
ac_cv_sizeof_void_p=4
ac_cv_sys_restartable_syscalls=yes
ac_cv_target=mips-openwrt-linux-gnu
ac_cv_time_r_type=POSIX
ac_cv_type_suseconds_t=yes
ac_cv_uchar=no
ac_cv_uint64_t=yes
ac_cv_uint=yes
ac_cv_ulong=yes
ac_cv_ushort=yes
ac_cv_va_copy=C99
ac_cv_va_val_copy=yes
am_cv_CC_dependencies_compiler_type=gcc3
am_cv_make_support_nested_variables=yes
am_cv_prog_cc_c_o=yes
as_cv_unaligned_access=yes

## ----------------- ##
## Output variables. ##
## ----------------- ##

ACLOCAL='${SHELL} /home/tdudlak/BP/OpenWrt-SDK-15.05.1-ar71xx/build_dir/target-mips_34kc_uClibc-0.9.33.2/tang-4/missing aclocal-1.15'
AMDEPBACKSLASH='\'
AMDEP_FALSE='#'
AMDEP_TRUE=''
AMTAR='$${TAR-tar}'
AM_BACKSLASH='\'
AM_DEFAULT_V='0'
AM_DEFAULT_VERBOSITY='0'
AM_V='0'
AUTOCONF='${SHELL} /home/tdudlak/BP/OpenWrt-SDK-15.05.1-ar71xx/build_dir/target-mips_34kc_uClibc-0.9.33.2/tang-4/missing autoconf'
AUTOHEADER='${SHELL} /home/tdudlak/BP/OpenWrt-SDK-15.05.1-ar71xx/build_dir/target-mips_34kc_uClibc-0.9.33.2/tang-4/missing autoheader'
AUTOMAKE='${SHELL} /home/tdudlak/BP/OpenWrt-SDK-15.05.1-ar71xx/build_dir/target-mips_34kc_uClibc-0.9.33.2/tang-4/missing automake-1.15'
AWK='gawk'
CC='ccache_cc'
CCDEPMODE='depmode=gcc3'
CFLAGS='-Os -pipe -mno-branch-likely -mips32r2 -mtune=34kc -fno-caller-saves -fhonour-copts -Wno-error=unused-but-set-variable -Wno-error=unused-result -msoft-float -mips16 -minterlink-mips16 -fpic -std=gnu99 -I/usr/include  '
CPPFLAGS='-I/home/tdudlak/BP/OpenWrt-SDK-15.05.1-ar71xx/staging_dir/target-mips_34kc_uClibc-0.9.33.2/usr/include -I/home/tdudlak/BP/OpenWrt-SDK-15.05.1-ar71xx/staging_dir/target-mips_34kc_uClibc-0.9.33.2/include -I/home/tdudlak/BP/OpenWrt-SDK-15.05.1-ar71xx/staging_dir/toolchain-mips_34kc_gcc-4.8-linaro_uClibc-0.9.33.2/usr/include -I/home/tdudlak/BP/OpenWrt-SDK-15.05.1-ar71xx/staging_dir/toolchain-mips_34kc_gcc-4.8-linaro_uClibc-0.9.33.2/include '
CYGPATH_W='echo'
DEFS=''
DEPDIR='.deps'
ECHO_C=''
ECHO_N='-n'
ECHO_T=''
EXEEXT=''
INSTALL_DATA='${INSTALL} -m 644'
INSTALL_PROGRAM='${INSTALL}'
INSTALL_SCRIPT='${INSTALL}'
INSTALL_STRIP_PROGRAM='$(install_sh) -c -s'
LDFLAGS='-L/home/tdudlak/BP/OpenWrt-SDK-15.05.1-ar71xx/staging_dir/target-mips_34kc_uClibc-0.9.33.2/usr/lib -L/home/tdudlak/BP/OpenWrt-SDK-15.05.1-ar71xx/staging_dir/target-mips_34kc_uClibc-0.9.33.2/lib -L/home/tdudlak/BP/OpenWrt-SDK-15.05.1-ar71xx/staging_dir/toolchain-mips_34kc_gcc-4.8-linaro_uClibc-0.9.33.2/usr/lib -L/home/tdudlak/BP/OpenWrt-SDK-15.05.1-ar71xx/staging_dir/toolchain-mips_34kc_gcc-4.8-linaro_uClibc-0.9.33.2/lib -Wl,-rpath-link=/usr/lib '
LIBOBJS=''
LIBS=''
LTLIBOBJS=''
MAKEINFO='${SHELL} /home/tdudlak/BP/OpenWrt-SDK-15.05.1-ar71xx/build_dir/target-mips_34kc_uClibc-0.9.33.2/tang-4/missing makeinfo'
MKDIR_P='/usr/bin/mkdir -p'
OBJEXT='o'
PACKAGE='tang'
PACKAGE_BUGREPORT=''
PACKAGE_NAME='tang'
PACKAGE_STRING='tang 4'
PACKAGE_TARNAME='tang'
PACKAGE_URL=''
PACKAGE_VERSION='4'
PATH_SEPARATOR=':'
PKG_CONFIG='/home/tdudlak/BP/OpenWrt-SDK-15.05.1-ar71xx/staging_dir/host/bin/pkg-config'
PKG_CONFIG_LIBDIR='/home/tdudlak/BP/OpenWrt-SDK-15.05.1-ar71xx/staging_dir/target-mips_34kc_uClibc-0.9.33.2/usr/lib/pkgconfig:/home/tdudlak/BP/OpenWrt-SDK-15.05.1-ar71xx/staging_dir/target-mips_34kc_uClibc-0.9.33.2/usr/share/pkgconfig'
PKG_CONFIG_PATH='/home/tdudlak/BP/OpenWrt-SDK-15.05.1-ar71xx/staging_dir/target-mips_34kc_uClibc-0.9.33.2/usr/lib/pkgconfig:/home/tdudlak/BP/OpenWrt-SDK-15.05.1-ar71xx/staging_dir/target-mips_34kc_uClibc-0.9.33.2/usr/share/pkgconfig'
SD_ACTIVATE=''
SED='/home/tdudlak/BP/OpenWrt-SDK-15.05.1-ar71xx/staging_dir/host/bin/sed'
SET_MAKE=''
SHELL='/bin/sh'
STRIP='mips-openwrt-linux-uclibc-strip'
TANG_CFLAGS=''
VERSION='4'
ac_ct_CC=''
am__EXEEXT_FALSE=''
am__EXEEXT_TRUE=''
am__fastdepCC_FALSE='#'
am__fastdepCC_TRUE=''
am__include='include'
am__isrc=''
am__leading_dot='.'
am__nodep='_no'
am__quote=''
am__tar='$${TAR-tar} chof - "$$tardir"'
am__untar='$${TAR-tar} xf -'
bindir='/usr/bin'
build='x86_64-redhat-linux-gnu'
build_alias='x86_64-redhat-linux'
build_cpu='x86_64'
build_os='linux-gnu'
build_vendor='redhat'
datadir='/usr/share'
datarootdir='${prefix}/share'
dl_LIBS='-ldl'
docdir='${datarootdir}/doc/${PACKAGE_TARNAME}'
dvidir='${docdir}'
exec_prefix='/usr'
host='mips-openwrt-linux-gnu'
host_alias='mips-openwrt-linux'
host_cpu='mips'
host_os='linux-gnu'
host_vendor='openwrt'
htmldir='${docdir}'
http_parser_LIBS=''
includedir='${prefix}/include'
infodir='/usr/info'
install_sh='${SHELL} /home/tdudlak/BP/OpenWrt-SDK-15.05.1-ar71xx/build_dir/target-mips_34kc_uClibc-0.9.33.2/tang-4/install-sh'
jose_openssl_CFLAGS=''
jose_openssl_LIBS=''
jose_zlib_CFLAGS=''
jose_zlib_LIBS=''
libdir='${exec_prefix}/lib'
libexecdir='/usr/lib'
localedir='${datarootdir}/locale'
localstatedir='/var'
mandir='/usr/man'
mkdir_p='$(MKDIR_P)'
oldincludedir='/usr/include'
pdfdir='${docdir}'
prefix='/usr'
program_transform_name='s&$$&&;s&^&&'
psdir='${docdir}'
sbindir='/usr/sbin'
sharedstatedir='${prefix}/com'
sysconfdir='/etc'
target='mips-openwrt-linux-gnu'
target_alias='mips-openwrt-linux'
target_cpu='mips'
target_os='linux-gnu'
target_vendor='openwrt'

## ----------- ##
## confdefs.h. ##
## ----------- ##

/* confdefs.h */
#define PACKAGE_NAME "tang"
#define PACKAGE_TARNAME "tang"
#define PACKAGE_VERSION "4"
#define PACKAGE_STRING "tang 4"
#define PACKAGE_BUGREPORT ""
#define PACKAGE_URL ""
#define PACKAGE "tang"
#define VERSION "4"

configure: exit 1
